/home/ctk/kaibot_ws/install/kaibot_description/lib/python3.10/site-packages/kaibot_description/move_control.py
/home/ctk/kaibot_ws/install/kaibot_description/lib/python3.10/site-packages/kaibot_description/__init__.py
/home/ctk/kaibot_ws/install/kaibot_description/lib/python3.10/site-packages/kaibot_description/__pycache__/move_control.cpython-310.pyc
/home/ctk/kaibot_ws/install/kaibot_description/lib/python3.10/site-packages/kaibot_description/__pycache__/__init__.cpython-310.pyc
/home/ctk/kaibot_ws/install/kaibot_description/share/ament_index/resource_index/packages/kaibot_description
/home/ctk/kaibot_ws/install/kaibot_description/share/kaibot_description/package.xml
/home/ctk/kaibot_ws/install/kaibot_description/share/kaibot_description/launch/bringup_gz_nav2.launch.py
/home/ctk/kaibot_ws/install/kaibot_description/share/kaibot_description/launch/bringup_description.launch.py
/home/ctk/kaibot_ws/install/kaibot_description/share/kaibot_description/launch/bringup_gazebo.launch.py
/home/ctk/kaibot_ws/install/kaibot_description/share/kaibot_description/urdf/xacro
/home/ctk/kaibot_ws/install/kaibot_description/share/kaibot_description/urdf/xiao_kai_robot.urdf
/home/ctk/kaibot_ws/install/kaibot_description/share/kaibot_description/rviz/xiao_kai_robot_base_conf.rviz
/home/ctk/kaibot_ws/install/kaibot_description/share/kaibot_description/world/chinic_multi.world
/home/ctk/kaibot_ws/install/kaibot_description/share/kaibot_description/world/chinic.world
/home/ctk/kaibot_ws/install/kaibot_description/share/kaibot_description/world/norsing_home.world
/home/ctk/kaibot_ws/install/kaibot_description/share/kaibot_description/world/chinic_multi2.world
/home/ctk/kaibot_ws/install/kaibot_description/lib/python3.10/site-packages/kaibot_description-0.0.0-py3.10.egg-info/zip-safe
/home/ctk/kaibot_ws/install/kaibot_description/lib/python3.10/site-packages/kaibot_description-0.0.0-py3.10.egg-info/entry_points.txt
/home/ctk/kaibot_ws/install/kaibot_description/lib/python3.10/site-packages/kaibot_description-0.0.0-py3.10.egg-info/top_level.txt
/home/ctk/kaibot_ws/install/kaibot_description/lib/python3.10/site-packages/kaibot_description-0.0.0-py3.10.egg-info/SOURCES.txt
/home/ctk/kaibot_ws/install/kaibot_description/lib/python3.10/site-packages/kaibot_description-0.0.0-py3.10.egg-info/PKG-INFO
/home/ctk/kaibot_ws/install/kaibot_description/lib/python3.10/site-packages/kaibot_description-0.0.0-py3.10.egg-info/dependency_links.txt
/home/ctk/kaibot_ws/install/kaibot_description/lib/python3.10/site-packages/kaibot_description-0.0.0-py3.10.egg-info/requires.txt
/home/ctk/kaibot_ws/install/kaibot_description/lib/kaibot_description/move_control
