running egg_info
writing ../../build/drug_delivery_mechanism/drug_delivery_mechanism.egg-info/PKG-INFO
writing dependency_links to ../../build/drug_delivery_mechanism/drug_delivery_mechanism.egg-info/dependency_links.txt
writing entry points to ../../build/drug_delivery_mechanism/drug_delivery_mechanism.egg-info/entry_points.txt
writing requirements to ../../build/drug_delivery_mechanism/drug_delivery_mechanism.egg-info/requires.txt
writing top-level names to ../../build/drug_delivery_mechanism/drug_delivery_mechanism.egg-info/top_level.txt
reading manifest file '../../build/drug_delivery_mechanism/drug_delivery_mechanism.egg-info/SOURCES.txt'
writing manifest file '../../build/drug_delivery_mechanism/drug_delivery_mechanism.egg-info/SOURCES.txt'
running build
running build_py
copying drug_delivery_mechanism/drug_delivery_node.py -> /home/ctk/kaibot_ws/build/drug_delivery_mechanism/build/lib/drug_delivery_mechanism
copying drug_delivery_mechanism/__init__.py -> /home/ctk/kaibot_ws/build/drug_delivery_mechanism/build/lib/drug_delivery_mechanism
running install
running install_lib
copying /home/ctk/kaibot_ws/build/drug_delivery_mechanism/build/lib/drug_delivery_mechanism/drug_delivery_node.py -> /home/ctk/kaibot_ws/install/drug_delivery_mechanism/lib/python3.10/site-packages/drug_delivery_mechanism
byte-compiling /home/ctk/kaibot_ws/install/drug_delivery_mechanism/lib/python3.10/site-packages/drug_delivery_mechanism/drug_delivery_node.py to drug_delivery_node.cpython-310.pyc
running install_data
copying resource/drug_delivery_mechanism -> /home/ctk/kaibot_ws/install/drug_delivery_mechanism/share/ament_index/resource_index/packages
copying package.xml -> /home/ctk/kaibot_ws/install/drug_delivery_mechanism/share/drug_delivery_mechanism
running install_egg_info
removing '/home/ctk/kaibot_ws/install/drug_delivery_mechanism/lib/python3.10/site-packages/drug_delivery_mechanism-0.0.0-py3.10.egg-info' (and everything under it)
Copying ../../build/drug_delivery_mechanism/drug_delivery_mechanism.egg-info to /home/ctk/kaibot_ws/install/drug_delivery_mechanism/lib/python3.10/site-packages/drug_delivery_mechanism-0.0.0-py3.10.egg-info
running install_scripts
Installing drug_delivery_node script to /home/ctk/kaibot_ws/install/drug_delivery_mechanism/lib/drug_delivery_mechanism
writing list of installed files to '/home/ctk/kaibot_ws/build/drug_delivery_mechanism/install.log'
