[0.086s] DEBUG:colcon:Command line arguments: ['/usr/bin/colcon', 'build']
[0.086s] DEBUG:colcon:Parsed command line arguments: Namespace(log_base=None, log_level=None, verb_name='build', build_base='build', install_base='install', merge_install=False, symlink_install=False, test_result_base=None, continue_on_error=False, executor='parallel', parallel_workers=8, event_handlers=None, ignore_user_meta=False, metas=['./colcon.meta'], base_paths=['.'], packages_ignore=None, packages_ignore_regex=None, paths=None, packages_up_to=None, packages_up_to_regex=None, packages_above=None, packages_above_and_dependencies=None, packages_above_depth=None, packages_select_by_dep=None, packages_skip_by_dep=None, packages_skip_up_to=None, packages_select_build_failed=False, packages_skip_build_finished=False, packages_select_test_failures=False, packages_skip_test_passed=False, packages_select=None, packages_skip=None, packages_select_regex=None, packages_skip_regex=None, packages_start=None, packages_end=None, allow_overriding=[], cmake_args=None, cmake_target=None, cmake_target_skip_unavailable=False, cmake_clean_cache=False, cmake_clean_first=False, cmake_force_configure=False, ament_cmake_args=None, catkin_cmake_args=None, catkin_skip_building_tests=False, verb_parser=<colcon_defaults.argument_parser.defaults.DefaultArgumentsDecorator object at 0x773be1752440>, verb_extension=<colcon_core.verb.build.BuildVerb object at 0x773be1751390>, main=<bound method BuildVerb.main of <colcon_core.verb.build.BuildVerb object at 0x773be1751390>>)
[0.123s] Level 1:colcon.colcon_core.package_discovery:discover_packages(colcon_meta) check parameters
[0.124s] Level 1:colcon.colcon_core.package_discovery:discover_packages(recursive) check parameters
[0.124s] Level 1:colcon.colcon_core.package_discovery:discover_packages(ignore) check parameters
[0.124s] Level 1:colcon.colcon_core.package_discovery:discover_packages(path) check parameters
[0.124s] Level 1:colcon.colcon_core.package_discovery:discover_packages(colcon_meta) discover
[0.124s] Level 1:colcon.colcon_core.package_discovery:discover_packages(recursive) discover
[0.124s] INFO:colcon.colcon_core.package_discovery:Crawling recursively for packages in '/home/ctk/kaibot_ws'
[0.125s] Level 1:colcon.colcon_core.package_identification:_identify(.) by extensions ['ignore', 'ignore_ament_install']
[0.125s] Level 1:colcon.colcon_core.package_identification:_identify(.) by extension 'ignore'
[0.125s] Level 1:colcon.colcon_core.package_identification:_identify(.) by extension 'ignore_ament_install'
[0.125s] Level 1:colcon.colcon_core.package_identification:_identify(.) by extensions ['colcon_pkg']
[0.125s] Level 1:colcon.colcon_core.package_identification:_identify(.) by extension 'colcon_pkg'
[0.125s] Level 1:colcon.colcon_core.package_identification:_identify(.) by extensions ['colcon_meta']
[0.125s] Level 1:colcon.colcon_core.package_identification:_identify(.) by extension 'colcon_meta'
[0.125s] Level 1:colcon.colcon_core.package_identification:_identify(.) by extensions ['ros']
[0.125s] Level 1:colcon.colcon_core.package_identification:_identify(.) by extension 'ros'
[0.140s] Level 1:colcon.colcon_core.package_identification:_identify(.) by extensions ['cmake', 'python']
[0.140s] Level 1:colcon.colcon_core.package_identification:_identify(.) by extension 'cmake'
[0.140s] Level 1:colcon.colcon_core.package_identification:_identify(.) by extension 'python'
[0.140s] Level 1:colcon.colcon_core.package_identification:_identify(.) by extensions ['python_setup_py']
[0.140s] Level 1:colcon.colcon_core.package_identification:_identify(.) by extension 'python_setup_py'
[0.140s] Level 1:colcon.colcon_core.package_identification:_identify(build) by extensions ['ignore', 'ignore_ament_install']
[0.140s] Level 1:colcon.colcon_core.package_identification:_identify(build) by extension 'ignore'
[0.140s] Level 1:colcon.colcon_core.package_identification:_identify(build) ignored
[0.140s] Level 1:colcon.colcon_core.package_identification:_identify(install) by extensions ['ignore', 'ignore_ament_install']
[0.140s] Level 1:colcon.colcon_core.package_identification:_identify(install) by extension 'ignore'
[0.141s] Level 1:colcon.colcon_core.package_identification:_identify(install) ignored
[0.141s] Level 1:colcon.colcon_core.package_identification:_identify(log) by extensions ['ignore', 'ignore_ament_install']
[0.141s] Level 1:colcon.colcon_core.package_identification:_identify(log) by extension 'ignore'
[0.141s] Level 1:colcon.colcon_core.package_identification:_identify(log) ignored
[0.141s] Level 1:colcon.colcon_core.package_identification:_identify(src) by extensions ['ignore', 'ignore_ament_install']
[0.141s] Level 1:colcon.colcon_core.package_identification:_identify(src) by extension 'ignore'
[0.141s] Level 1:colcon.colcon_core.package_identification:_identify(src) by extension 'ignore_ament_install'
[0.141s] Level 1:colcon.colcon_core.package_identification:_identify(src) by extensions ['colcon_pkg']
[0.141s] Level 1:colcon.colcon_core.package_identification:_identify(src) by extension 'colcon_pkg'
[0.141s] Level 1:colcon.colcon_core.package_identification:_identify(src) by extensions ['colcon_meta']
[0.141s] Level 1:colcon.colcon_core.package_identification:_identify(src) by extension 'colcon_meta'
[0.141s] Level 1:colcon.colcon_core.package_identification:_identify(src) by extensions ['ros']
[0.141s] Level 1:colcon.colcon_core.package_identification:_identify(src) by extension 'ros'
[0.141s] Level 1:colcon.colcon_core.package_identification:_identify(src) by extensions ['cmake', 'python']
[0.141s] Level 1:colcon.colcon_core.package_identification:_identify(src) by extension 'cmake'
[0.141s] Level 1:colcon.colcon_core.package_identification:_identify(src) by extension 'python'
[0.141s] Level 1:colcon.colcon_core.package_identification:_identify(src) by extensions ['python_setup_py']
[0.141s] Level 1:colcon.colcon_core.package_identification:_identify(src) by extension 'python_setup_py'
[0.141s] Level 1:colcon.colcon_core.package_identification:_identify(src/drug_delivery_mechanism) by extensions ['ignore', 'ignore_ament_install']
[0.141s] Level 1:colcon.colcon_core.package_identification:_identify(src/drug_delivery_mechanism) by extension 'ignore'
[0.141s] Level 1:colcon.colcon_core.package_identification:_identify(src/drug_delivery_mechanism) by extension 'ignore_ament_install'
[0.141s] Level 1:colcon.colcon_core.package_identification:_identify(src/drug_delivery_mechanism) by extensions ['colcon_pkg']
[0.142s] Level 1:colcon.colcon_core.package_identification:_identify(src/drug_delivery_mechanism) by extension 'colcon_pkg'
[0.142s] Level 1:colcon.colcon_core.package_identification:_identify(src/drug_delivery_mechanism) by extensions ['colcon_meta']
[0.142s] Level 1:colcon.colcon_core.package_identification:_identify(src/drug_delivery_mechanism) by extension 'colcon_meta'
[0.142s] Level 1:colcon.colcon_core.package_identification:_identify(src/drug_delivery_mechanism) by extensions ['ros']
[0.142s] Level 1:colcon.colcon_core.package_identification:_identify(src/drug_delivery_mechanism) by extension 'ros'
[0.144s] DEBUG:colcon.colcon_core.package_identification:Package 'src/drug_delivery_mechanism' with type 'ros.ament_python' and name 'drug_delivery_mechanism'
[0.144s] Level 1:colcon.colcon_core.package_identification:_identify(src/kaibot_description) by extensions ['ignore', 'ignore_ament_install']
[0.144s] Level 1:colcon.colcon_core.package_identification:_identify(src/kaibot_description) by extension 'ignore'
[0.144s] Level 1:colcon.colcon_core.package_identification:_identify(src/kaibot_description) by extension 'ignore_ament_install'
[0.144s] Level 1:colcon.colcon_core.package_identification:_identify(src/kaibot_description) by extensions ['colcon_pkg']
[0.144s] Level 1:colcon.colcon_core.package_identification:_identify(src/kaibot_description) by extension 'colcon_pkg'
[0.144s] Level 1:colcon.colcon_core.package_identification:_identify(src/kaibot_description) by extensions ['colcon_meta']
[0.144s] Level 1:colcon.colcon_core.package_identification:_identify(src/kaibot_description) by extension 'colcon_meta'
[0.144s] Level 1:colcon.colcon_core.package_identification:_identify(src/kaibot_description) by extensions ['ros']
[0.144s] Level 1:colcon.colcon_core.package_identification:_identify(src/kaibot_description) by extension 'ros'
[0.145s] DEBUG:colcon.colcon_core.package_identification:Package 'src/kaibot_description' with type 'ros.ament_python' and name 'kaibot_description'
[0.145s] Level 1:colcon.colcon_core.package_identification:_identify(src/xiaokaibot_nav2) by extensions ['ignore', 'ignore_ament_install']
[0.145s] Level 1:colcon.colcon_core.package_identification:_identify(src/xiaokaibot_nav2) by extension 'ignore'
[0.145s] Level 1:colcon.colcon_core.package_identification:_identify(src/xiaokaibot_nav2) by extension 'ignore_ament_install'
[0.145s] Level 1:colcon.colcon_core.package_identification:_identify(src/xiaokaibot_nav2) by extensions ['colcon_pkg']
[0.145s] Level 1:colcon.colcon_core.package_identification:_identify(src/xiaokaibot_nav2) by extension 'colcon_pkg'
[0.145s] Level 1:colcon.colcon_core.package_identification:_identify(src/xiaokaibot_nav2) by extensions ['colcon_meta']
[0.145s] Level 1:colcon.colcon_core.package_identification:_identify(src/xiaokaibot_nav2) by extension 'colcon_meta'
[0.145s] Level 1:colcon.colcon_core.package_identification:_identify(src/xiaokaibot_nav2) by extensions ['ros']
[0.145s] Level 1:colcon.colcon_core.package_identification:_identify(src/xiaokaibot_nav2) by extension 'ros'
[0.145s] DEBUG:colcon.colcon_core.package_identification:Package 'src/xiaokaibot_nav2' with type 'ros.ament_python' and name 'xiaokaibot_nav2'
[0.145s] Level 1:colcon.colcon_core.package_discovery:discover_packages(recursive) using defaults
[0.146s] Level 1:colcon.colcon_core.package_discovery:discover_packages(ignore) discover
[0.146s] Level 1:colcon.colcon_core.package_discovery:discover_packages(ignore) using defaults
[0.146s] Level 1:colcon.colcon_core.package_discovery:discover_packages(path) discover
[0.146s] Level 1:colcon.colcon_core.package_discovery:discover_packages(path) using defaults
[0.163s] Level 1:colcon.colcon_core.package_discovery:discover_packages(prefix_path) check parameters
[0.163s] Level 1:colcon.colcon_core.package_discovery:discover_packages(prefix_path) discover
[0.164s] DEBUG:colcon.colcon_installed_package_information.package_discovery:Found 3 installed packages in /home/ctk/kaibot_ws/install
[0.166s] DEBUG:colcon.colcon_installed_package_information.package_discovery:Found 432 installed packages in /opt/ros/humble
[0.167s] Level 1:colcon.colcon_core.package_discovery:discover_packages(prefix_path) using defaults
[0.204s] Level 5:colcon.colcon_core.verb:set package 'drug_delivery_mechanism' build argument 'cmake_args' from command line to 'None'
[0.204s] Level 5:colcon.colcon_core.verb:set package 'drug_delivery_mechanism' build argument 'cmake_target' from command line to 'None'
[0.204s] Level 5:colcon.colcon_core.verb:set package 'drug_delivery_mechanism' build argument 'cmake_target_skip_unavailable' from command line to 'False'
[0.204s] Level 5:colcon.colcon_core.verb:set package 'drug_delivery_mechanism' build argument 'cmake_clean_cache' from command line to 'False'
[0.204s] Level 5:colcon.colcon_core.verb:set package 'drug_delivery_mechanism' build argument 'cmake_clean_first' from command line to 'False'
[0.204s] Level 5:colcon.colcon_core.verb:set package 'drug_delivery_mechanism' build argument 'cmake_force_configure' from command line to 'False'
[0.204s] Level 5:colcon.colcon_core.verb:set package 'drug_delivery_mechanism' build argument 'ament_cmake_args' from command line to 'None'
[0.204s] Level 5:colcon.colcon_core.verb:set package 'drug_delivery_mechanism' build argument 'catkin_cmake_args' from command line to 'None'
[0.204s] Level 5:colcon.colcon_core.verb:set package 'drug_delivery_mechanism' build argument 'catkin_skip_building_tests' from command line to 'False'
[0.204s] DEBUG:colcon.colcon_core.verb:Building package 'drug_delivery_mechanism' with the following arguments: {'ament_cmake_args': None, 'build_base': '/home/ctk/kaibot_ws/build/drug_delivery_mechanism', 'catkin_cmake_args': None, 'catkin_skip_building_tests': False, 'cmake_args': None, 'cmake_clean_cache': False, 'cmake_clean_first': False, 'cmake_force_configure': False, 'cmake_target': None, 'cmake_target_skip_unavailable': False, 'install_base': '/home/ctk/kaibot_ws/install/drug_delivery_mechanism', 'merge_install': False, 'path': '/home/ctk/kaibot_ws/src/drug_delivery_mechanism', 'symlink_install': False, 'test_result_base': None}
[0.205s] Level 5:colcon.colcon_core.verb:set package 'kaibot_description' build argument 'cmake_args' from command line to 'None'
[0.205s] Level 5:colcon.colcon_core.verb:set package 'kaibot_description' build argument 'cmake_target' from command line to 'None'
[0.205s] Level 5:colcon.colcon_core.verb:set package 'kaibot_description' build argument 'cmake_target_skip_unavailable' from command line to 'False'
[0.205s] Level 5:colcon.colcon_core.verb:set package 'kaibot_description' build argument 'cmake_clean_cache' from command line to 'False'
[0.205s] Level 5:colcon.colcon_core.verb:set package 'kaibot_description' build argument 'cmake_clean_first' from command line to 'False'
[0.205s] Level 5:colcon.colcon_core.verb:set package 'kaibot_description' build argument 'cmake_force_configure' from command line to 'False'
[0.205s] Level 5:colcon.colcon_core.verb:set package 'kaibot_description' build argument 'ament_cmake_args' from command line to 'None'
[0.205s] Level 5:colcon.colcon_core.verb:set package 'kaibot_description' build argument 'catkin_cmake_args' from command line to 'None'
[0.205s] Level 5:colcon.colcon_core.verb:set package 'kaibot_description' build argument 'catkin_skip_building_tests' from command line to 'False'
[0.205s] DEBUG:colcon.colcon_core.verb:Building package 'kaibot_description' with the following arguments: {'ament_cmake_args': None, 'build_base': '/home/ctk/kaibot_ws/build/kaibot_description', 'catkin_cmake_args': None, 'catkin_skip_building_tests': False, 'cmake_args': None, 'cmake_clean_cache': False, 'cmake_clean_first': False, 'cmake_force_configure': False, 'cmake_target': None, 'cmake_target_skip_unavailable': False, 'install_base': '/home/ctk/kaibot_ws/install/kaibot_description', 'merge_install': False, 'path': '/home/ctk/kaibot_ws/src/kaibot_description', 'symlink_install': False, 'test_result_base': None}
[0.205s] Level 5:colcon.colcon_core.verb:set package 'xiaokaibot_nav2' build argument 'cmake_args' from command line to 'None'
[0.205s] Level 5:colcon.colcon_core.verb:set package 'xiaokaibot_nav2' build argument 'cmake_target' from command line to 'None'
[0.205s] Level 5:colcon.colcon_core.verb:set package 'xiaokaibot_nav2' build argument 'cmake_target_skip_unavailable' from command line to 'False'
[0.205s] Level 5:colcon.colcon_core.verb:set package 'xiaokaibot_nav2' build argument 'cmake_clean_cache' from command line to 'False'
[0.205s] Level 5:colcon.colcon_core.verb:set package 'xiaokaibot_nav2' build argument 'cmake_clean_first' from command line to 'False'
[0.205s] Level 5:colcon.colcon_core.verb:set package 'xiaokaibot_nav2' build argument 'cmake_force_configure' from command line to 'False'
[0.205s] Level 5:colcon.colcon_core.verb:set package 'xiaokaibot_nav2' build argument 'ament_cmake_args' from command line to 'None'
[0.205s] Level 5:colcon.colcon_core.verb:set package 'xiaokaibot_nav2' build argument 'catkin_cmake_args' from command line to 'None'
[0.205s] Level 5:colcon.colcon_core.verb:set package 'xiaokaibot_nav2' build argument 'catkin_skip_building_tests' from command line to 'False'
[0.205s] DEBUG:colcon.colcon_core.verb:Building package 'xiaokaibot_nav2' with the following arguments: {'ament_cmake_args': None, 'build_base': '/home/ctk/kaibot_ws/build/xiaokaibot_nav2', 'catkin_cmake_args': None, 'catkin_skip_building_tests': False, 'cmake_args': None, 'cmake_clean_cache': False, 'cmake_clean_first': False, 'cmake_force_configure': False, 'cmake_target': None, 'cmake_target_skip_unavailable': False, 'install_base': '/home/ctk/kaibot_ws/install/xiaokaibot_nav2', 'merge_install': False, 'path': '/home/ctk/kaibot_ws/src/xiaokaibot_nav2', 'symlink_install': False, 'test_result_base': None}
[0.205s] INFO:colcon.colcon_core.executor:Executing jobs using 'parallel' executor
[0.207s] DEBUG:colcon.colcon_parallel_executor.executor.parallel:run_until_complete
[0.207s] INFO:colcon.colcon_ros.task.ament_python.build:Building ROS package in '/home/ctk/kaibot_ws/src/drug_delivery_mechanism' with build type 'ament_python'
[0.207s] Level 1:colcon.colcon_core.shell:create_environment_hook('drug_delivery_mechanism', 'ament_prefix_path')
[0.209s] INFO:colcon.colcon_core.plugin_system:Skipping extension 'colcon_core.shell.bat': Not used on non-Windows systems
[0.209s] INFO:colcon.colcon_core.shell:Creating environment hook '/home/ctk/kaibot_ws/install/drug_delivery_mechanism/share/drug_delivery_mechanism/hook/ament_prefix_path.ps1'
[0.209s] INFO:colcon.colcon_core.shell:Creating environment descriptor '/home/ctk/kaibot_ws/install/drug_delivery_mechanism/share/drug_delivery_mechanism/hook/ament_prefix_path.dsv'
[0.210s] INFO:colcon.colcon_core.shell:Creating environment hook '/home/ctk/kaibot_ws/install/drug_delivery_mechanism/share/drug_delivery_mechanism/hook/ament_prefix_path.sh'
[0.211s] INFO:colcon.colcon_core.shell:Skip shell extension 'powershell' for command environment: Not usable outside of PowerShell
[0.211s] DEBUG:colcon.colcon_core.shell:Skip shell extension 'dsv' for command environment
[0.214s] INFO:colcon.colcon_ros.task.ament_python.build:Building ROS package in '/home/ctk/kaibot_ws/src/kaibot_description' with build type 'ament_python'
[0.214s] Level 1:colcon.colcon_core.shell:create_environment_hook('kaibot_description', 'ament_prefix_path')
[0.214s] INFO:colcon.colcon_core.shell:Creating environment hook '/home/ctk/kaibot_ws/install/kaibot_description/share/kaibot_description/hook/ament_prefix_path.ps1'
[0.215s] INFO:colcon.colcon_core.shell:Creating environment descriptor '/home/ctk/kaibot_ws/install/kaibot_description/share/kaibot_description/hook/ament_prefix_path.dsv'
[0.215s] INFO:colcon.colcon_core.shell:Creating environment hook '/home/ctk/kaibot_ws/install/kaibot_description/share/kaibot_description/hook/ament_prefix_path.sh'
[0.216s] INFO:colcon.colcon_core.shell:Skip shell extension 'powershell' for command environment: Not usable outside of PowerShell
[0.216s] DEBUG:colcon.colcon_core.shell:Skip shell extension 'dsv' for command environment
[0.220s] INFO:colcon.colcon_ros.task.ament_python.build:Building ROS package in '/home/ctk/kaibot_ws/src/xiaokaibot_nav2' with build type 'ament_python'
[0.221s] Level 1:colcon.colcon_core.shell:create_environment_hook('xiaokaibot_nav2', 'ament_prefix_path')
[0.222s] INFO:colcon.colcon_core.shell:Creating environment hook '/home/ctk/kaibot_ws/install/xiaokaibot_nav2/share/xiaokaibot_nav2/hook/ament_prefix_path.ps1'
[0.225s] INFO:colcon.colcon_core.shell:Creating environment descriptor '/home/ctk/kaibot_ws/install/xiaokaibot_nav2/share/xiaokaibot_nav2/hook/ament_prefix_path.dsv'
[0.227s] INFO:colcon.colcon_core.shell:Creating environment hook '/home/ctk/kaibot_ws/install/xiaokaibot_nav2/share/xiaokaibot_nav2/hook/ament_prefix_path.sh'
[0.229s] INFO:colcon.colcon_core.shell:Skip shell extension 'powershell' for command environment: Not usable outside of PowerShell
[0.230s] DEBUG:colcon.colcon_core.shell:Skip shell extension 'dsv' for command environment
[0.473s] INFO:colcon.colcon_core.task.python.build:Building Python package in '/home/ctk/kaibot_ws/src/drug_delivery_mechanism'
[0.474s] INFO:colcon.colcon_core.shell:Skip shell extension 'powershell' for command environment: Not usable outside of PowerShell
[0.474s] DEBUG:colcon.colcon_core.shell:Skip shell extension 'dsv' for command environment
[0.685s] INFO:colcon.colcon_core.task.python.build:Building Python package in '/home/ctk/kaibot_ws/src/kaibot_description'
[0.686s] INFO:colcon.colcon_core.shell:Skip shell extension 'powershell' for command environment: Not usable outside of PowerShell
[0.686s] DEBUG:colcon.colcon_core.shell:Skip shell extension 'dsv' for command environment
[0.896s] INFO:colcon.colcon_core.task.python.build:Building Python package in '/home/ctk/kaibot_ws/src/xiaokaibot_nav2'
[0.896s] INFO:colcon.colcon_core.shell:Skip shell extension 'powershell' for command environment: Not usable outside of PowerShell
[0.896s] DEBUG:colcon.colcon_core.shell:Skip shell extension 'dsv' for command environment
[1.651s] DEBUG:colcon.colcon_core.event_handler.log_command:Invoking command in '/home/ctk/kaibot_ws/src/drug_delivery_mechanism': PYTHONPATH=/home/ctk/kaibot_ws/build/drug_delivery_mechanism/prefix_override:/usr/lib/python3/dist-packages/colcon_core/task/python/colcon_distutils_commands:/home/ctk/kaibot_ws/install/drug_delivery_mechanism/lib/python3.10/site-packages:${PYTHONPATH} /usr/bin/python3 -W ignore:setup.py install is deprecated setup.py egg_info --egg-base ../../build/drug_delivery_mechanism build --build-base /home/ctk/kaibot_ws/build/drug_delivery_mechanism/build install --record /home/ctk/kaibot_ws/build/drug_delivery_mechanism/install.log --single-version-externally-managed install_data
[1.663s] DEBUG:colcon.colcon_core.event_handler.log_command:Invoking command in '/home/ctk/kaibot_ws/src/kaibot_description': PYTHONPATH=/home/ctk/kaibot_ws/build/kaibot_description/prefix_override:/usr/lib/python3/dist-packages/colcon_core/task/python/colcon_distutils_commands:/home/ctk/kaibot_ws/install/kaibot_description/lib/python3.10/site-packages:${PYTHONPATH} /usr/bin/python3 -W ignore:setup.py install is deprecated setup.py egg_info --egg-base ../../build/kaibot_description build --build-base /home/ctk/kaibot_ws/build/kaibot_description/build install --record /home/ctk/kaibot_ws/build/kaibot_description/install.log --single-version-externally-managed install_data
[1.676s] DEBUG:colcon.colcon_core.event_handler.log_command:Invoking command in '/home/ctk/kaibot_ws/src/xiaokaibot_nav2': PYTHONPATH=/home/ctk/kaibot_ws/build/xiaokaibot_nav2/prefix_override:/usr/lib/python3/dist-packages/colcon_core/task/python/colcon_distutils_commands:/home/ctk/kaibot_ws/install/xiaokaibot_nav2/lib/python3.10/site-packages:${PYTHONPATH} /usr/bin/python3 -W ignore:setup.py install is deprecated setup.py egg_info --egg-base ../../build/xiaokaibot_nav2 build --build-base /home/ctk/kaibot_ws/build/xiaokaibot_nav2/build install --record /home/ctk/kaibot_ws/build/xiaokaibot_nav2/install.log --single-version-externally-managed install_data
[2.246s] DEBUG:colcon.colcon_core.event_handler.log_command:Invoked command in '/home/ctk/kaibot_ws/src/kaibot_description' returned '0': PYTHONPATH=/home/ctk/kaibot_ws/build/kaibot_description/prefix_override:/usr/lib/python3/dist-packages/colcon_core/task/python/colcon_distutils_commands:/home/ctk/kaibot_ws/install/kaibot_description/lib/python3.10/site-packages:${PYTHONPATH} /usr/bin/python3 -W ignore:setup.py install is deprecated setup.py egg_info --egg-base ../../build/kaibot_description build --build-base /home/ctk/kaibot_ws/build/kaibot_description/build install --record /home/ctk/kaibot_ws/build/kaibot_description/install.log --single-version-externally-managed install_data
[2.254s] Level 1:colcon.colcon_core.environment:checking '/home/ctk/kaibot_ws/install/kaibot_description' for CMake module files
[2.259s] Level 1:colcon.colcon_core.environment:checking '/home/ctk/kaibot_ws/install/kaibot_description' for CMake config files
[2.263s] Level 1:colcon.colcon_core.environment:checking '/home/ctk/kaibot_ws/install/kaibot_description/lib'
[2.264s] Level 1:colcon.colcon_core.environment:checking '/home/ctk/kaibot_ws/install/kaibot_description/bin'
[2.264s] Level 1:colcon.colcon_core.environment:checking '/home/ctk/kaibot_ws/install/kaibot_description/lib/pkgconfig/kaibot_description.pc'
[2.265s] Level 1:colcon.colcon_core.environment:checking '/home/ctk/kaibot_ws/install/kaibot_description/lib/python3.10/site-packages'
[2.265s] Level 1:colcon.colcon_core.shell:create_environment_hook('kaibot_description', 'pythonpath')
[2.266s] INFO:colcon.colcon_core.shell:Creating environment hook '/home/ctk/kaibot_ws/install/kaibot_description/share/kaibot_description/hook/pythonpath.ps1'
[2.267s] INFO:colcon.colcon_core.shell:Creating environment descriptor '/home/ctk/kaibot_ws/install/kaibot_description/share/kaibot_description/hook/pythonpath.dsv'
[2.270s] INFO:colcon.colcon_core.shell:Creating environment hook '/home/ctk/kaibot_ws/install/kaibot_description/share/kaibot_description/hook/pythonpath.sh'
[2.274s] Level 1:colcon.colcon_core.environment:checking '/home/ctk/kaibot_ws/install/kaibot_description/bin'
[2.275s] Level 1:colcon.colcon_core.environment:create_environment_scripts_only(kaibot_description)
[2.277s] INFO:colcon.colcon_core.shell:Creating package script '/home/ctk/kaibot_ws/install/kaibot_description/share/kaibot_description/package.ps1'
[2.281s] INFO:colcon.colcon_core.shell:Creating package descriptor '/home/ctk/kaibot_ws/install/kaibot_description/share/kaibot_description/package.dsv'
[2.282s] INFO:colcon.colcon_core.shell:Creating package script '/home/ctk/kaibot_ws/install/kaibot_description/share/kaibot_description/package.sh'
[2.284s] INFO:colcon.colcon_core.shell:Creating package script '/home/ctk/kaibot_ws/install/kaibot_description/share/kaibot_description/package.bash'
[2.286s] INFO:colcon.colcon_core.shell:Creating package script '/home/ctk/kaibot_ws/install/kaibot_description/share/kaibot_description/package.zsh'
[2.289s] Level 1:colcon.colcon_core.environment:create_file_with_runtime_dependencies(/home/ctk/kaibot_ws/install/kaibot_description/share/colcon-core/packages/kaibot_description)
[2.373s] Level 1:colcon.colcon_core.environment:checking '/home/ctk/kaibot_ws/install/drug_delivery_mechanism' for CMake module files
[2.375s] DEBUG:colcon.colcon_core.event_handler.log_command:Invoked command in '/home/ctk/kaibot_ws/src/drug_delivery_mechanism' returned '0': PYTHONPATH=/home/ctk/kaibot_ws/build/drug_delivery_mechanism/prefix_override:/usr/lib/python3/dist-packages/colcon_core/task/python/colcon_distutils_commands:/home/ctk/kaibot_ws/install/drug_delivery_mechanism/lib/python3.10/site-packages:${PYTHONPATH} /usr/bin/python3 -W ignore:setup.py install is deprecated setup.py egg_info --egg-base ../../build/drug_delivery_mechanism build --build-base /home/ctk/kaibot_ws/build/drug_delivery_mechanism/build install --record /home/ctk/kaibot_ws/build/drug_delivery_mechanism/install.log --single-version-externally-managed install_data
[2.376s] Level 1:colcon.colcon_core.environment:checking '/home/ctk/kaibot_ws/install/drug_delivery_mechanism' for CMake config files
[2.377s] Level 1:colcon.colcon_core.environment:checking '/home/ctk/kaibot_ws/install/drug_delivery_mechanism/lib'
[2.377s] Level 1:colcon.colcon_core.environment:checking '/home/ctk/kaibot_ws/install/drug_delivery_mechanism/bin'
[2.378s] Level 1:colcon.colcon_core.environment:checking '/home/ctk/kaibot_ws/install/drug_delivery_mechanism/lib/pkgconfig/drug_delivery_mechanism.pc'
[2.378s] Level 1:colcon.colcon_core.environment:checking '/home/ctk/kaibot_ws/install/drug_delivery_mechanism/lib/python3.10/site-packages'
[2.378s] Level 1:colcon.colcon_core.shell:create_environment_hook('drug_delivery_mechanism', 'pythonpath')
[2.378s] INFO:colcon.colcon_core.shell:Creating environment hook '/home/ctk/kaibot_ws/install/drug_delivery_mechanism/share/drug_delivery_mechanism/hook/pythonpath.ps1'
[2.379s] INFO:colcon.colcon_core.shell:Creating environment descriptor '/home/ctk/kaibot_ws/install/drug_delivery_mechanism/share/drug_delivery_mechanism/hook/pythonpath.dsv'
[2.379s] INFO:colcon.colcon_core.shell:Creating environment hook '/home/ctk/kaibot_ws/install/drug_delivery_mechanism/share/drug_delivery_mechanism/hook/pythonpath.sh'
[2.380s] Level 1:colcon.colcon_core.environment:checking '/home/ctk/kaibot_ws/install/drug_delivery_mechanism/bin'
[2.380s] Level 1:colcon.colcon_core.environment:create_environment_scripts_only(drug_delivery_mechanism)
[2.380s] INFO:colcon.colcon_core.shell:Creating package script '/home/ctk/kaibot_ws/install/drug_delivery_mechanism/share/drug_delivery_mechanism/package.ps1'
[2.381s] INFO:colcon.colcon_core.shell:Creating package descriptor '/home/ctk/kaibot_ws/install/drug_delivery_mechanism/share/drug_delivery_mechanism/package.dsv'
[2.381s] INFO:colcon.colcon_core.shell:Creating package script '/home/ctk/kaibot_ws/install/drug_delivery_mechanism/share/drug_delivery_mechanism/package.sh'
[2.382s] INFO:colcon.colcon_core.shell:Creating package script '/home/ctk/kaibot_ws/install/drug_delivery_mechanism/share/drug_delivery_mechanism/package.bash'
[2.382s] INFO:colcon.colcon_core.shell:Creating package script '/home/ctk/kaibot_ws/install/drug_delivery_mechanism/share/drug_delivery_mechanism/package.zsh'
[2.382s] Level 1:colcon.colcon_core.environment:create_file_with_runtime_dependencies(/home/ctk/kaibot_ws/install/drug_delivery_mechanism/share/colcon-core/packages/drug_delivery_mechanism)
[2.388s] Level 1:colcon.colcon_core.environment:checking '/home/ctk/kaibot_ws/install/xiaokaibot_nav2' for CMake module files
[2.388s] DEBUG:colcon.colcon_core.event_handler.log_command:Invoked command in '/home/ctk/kaibot_ws/src/xiaokaibot_nav2' returned '0': PYTHONPATH=/home/ctk/kaibot_ws/build/xiaokaibot_nav2/prefix_override:/usr/lib/python3/dist-packages/colcon_core/task/python/colcon_distutils_commands:/home/ctk/kaibot_ws/install/xiaokaibot_nav2/lib/python3.10/site-packages:${PYTHONPATH} /usr/bin/python3 -W ignore:setup.py install is deprecated setup.py egg_info --egg-base ../../build/xiaokaibot_nav2 build --build-base /home/ctk/kaibot_ws/build/xiaokaibot_nav2/build install --record /home/ctk/kaibot_ws/build/xiaokaibot_nav2/install.log --single-version-externally-managed install_data
[2.388s] Level 1:colcon.colcon_core.environment:checking '/home/ctk/kaibot_ws/install/xiaokaibot_nav2' for CMake config files
[2.389s] Level 1:colcon.colcon_core.environment:checking '/home/ctk/kaibot_ws/install/xiaokaibot_nav2/lib'
[2.389s] Level 1:colcon.colcon_core.environment:checking '/home/ctk/kaibot_ws/install/xiaokaibot_nav2/bin'
[2.390s] Level 1:colcon.colcon_core.environment:checking '/home/ctk/kaibot_ws/install/xiaokaibot_nav2/lib/pkgconfig/xiaokaibot_nav2.pc'
[2.390s] Level 1:colcon.colcon_core.environment:checking '/home/ctk/kaibot_ws/install/xiaokaibot_nav2/lib/python3.10/site-packages'
[2.390s] Level 1:colcon.colcon_core.shell:create_environment_hook('xiaokaibot_nav2', 'pythonpath')
[2.391s] INFO:colcon.colcon_core.shell:Creating environment hook '/home/ctk/kaibot_ws/install/xiaokaibot_nav2/share/xiaokaibot_nav2/hook/pythonpath.ps1'
[2.392s] INFO:colcon.colcon_core.shell:Creating environment descriptor '/home/ctk/kaibot_ws/install/xiaokaibot_nav2/share/xiaokaibot_nav2/hook/pythonpath.dsv'
[2.393s] INFO:colcon.colcon_core.shell:Creating environment hook '/home/ctk/kaibot_ws/install/xiaokaibot_nav2/share/xiaokaibot_nav2/hook/pythonpath.sh'
[2.393s] Level 1:colcon.colcon_core.environment:checking '/home/ctk/kaibot_ws/install/xiaokaibot_nav2/bin'
[2.393s] Level 1:colcon.colcon_core.environment:create_environment_scripts_only(xiaokaibot_nav2)
[2.394s] INFO:colcon.colcon_core.shell:Creating package script '/home/ctk/kaibot_ws/install/xiaokaibot_nav2/share/xiaokaibot_nav2/package.ps1'
[2.394s] INFO:colcon.colcon_core.shell:Creating package descriptor '/home/ctk/kaibot_ws/install/xiaokaibot_nav2/share/xiaokaibot_nav2/package.dsv'
[2.394s] INFO:colcon.colcon_core.shell:Creating package script '/home/ctk/kaibot_ws/install/xiaokaibot_nav2/share/xiaokaibot_nav2/package.sh'
[2.395s] INFO:colcon.colcon_core.shell:Creating package script '/home/ctk/kaibot_ws/install/xiaokaibot_nav2/share/xiaokaibot_nav2/package.bash'
[2.395s] INFO:colcon.colcon_core.shell:Creating package script '/home/ctk/kaibot_ws/install/xiaokaibot_nav2/share/xiaokaibot_nav2/package.zsh'
[2.395s] Level 1:colcon.colcon_core.environment:create_file_with_runtime_dependencies(/home/ctk/kaibot_ws/install/xiaokaibot_nav2/share/colcon-core/packages/xiaokaibot_nav2)
[2.395s] DEBUG:colcon.colcon_parallel_executor.executor.parallel:closing loop
[2.396s] DEBUG:colcon.colcon_parallel_executor.executor.parallel:loop closed
[2.396s] DEBUG:colcon.colcon_parallel_executor.executor.parallel:run_until_complete finished with '0'
[2.396s] DEBUG:colcon.colcon_core.event_reactor:joining thread
[2.446s] INFO:colcon.colcon_core.plugin_system:Skipping extension 'colcon_notification.desktop_notification.terminal_notifier': Not used on non-Darwin systems
[2.446s] INFO:colcon.colcon_core.plugin_system:Skipping extension 'colcon_notification.desktop_notification.win32': Not used on non-Windows systems
[2.446s] INFO:colcon.colcon_notification.desktop_notification:Sending desktop notification using 'notify2'
[2.456s] DEBUG:colcon.colcon_core.event_reactor:joined thread
[2.458s] INFO:colcon.colcon_core.shell:Creating prefix script '/home/ctk/kaibot_ws/install/local_setup.ps1'
[2.460s] INFO:colcon.colcon_core.shell:Creating prefix util module '/home/ctk/kaibot_ws/install/_local_setup_util_ps1.py'
[2.461s] INFO:colcon.colcon_core.shell:Creating prefix chain script '/home/ctk/kaibot_ws/install/setup.ps1'
[2.462s] INFO:colcon.colcon_core.shell:Creating prefix script '/home/ctk/kaibot_ws/install/local_setup.sh'
[2.463s] INFO:colcon.colcon_core.shell:Creating prefix util module '/home/ctk/kaibot_ws/install/_local_setup_util_sh.py'
[2.463s] INFO:colcon.colcon_core.shell:Creating prefix chain script '/home/ctk/kaibot_ws/install/setup.sh'
[2.464s] INFO:colcon.colcon_core.shell:Creating prefix script '/home/ctk/kaibot_ws/install/local_setup.bash'
[2.464s] INFO:colcon.colcon_core.shell:Creating prefix chain script '/home/ctk/kaibot_ws/install/setup.bash'
[2.465s] INFO:colcon.colcon_core.shell:Creating prefix script '/home/ctk/kaibot_ws/install/local_setup.zsh'
[2.466s] INFO:colcon.colcon_core.shell:Creating prefix chain script '/home/ctk/kaibot_ws/install/setup.zsh'
