[1.394s] Invoking command in '/home/ctk/kaibot_ws/src/kaibot_description': PYTHONPATH=/home/ctk/kaibot_ws/build/kaibot_description/prefix_override:/usr/lib/python3/dist-packages/colcon_core/task/python/colcon_distutils_commands:/home/ctk/kaibot_ws/install/kaibot_description/lib/python3.10/site-packages:${PYTHONPATH} /usr/bin/python3 -W ignore:setup.py install is deprecated setup.py egg_info --egg-base ../../build/kaibot_description build --build-base /home/ctk/kaibot_ws/build/kaibot_description/build install --record /home/ctk/kaibot_ws/build/kaibot_description/install.log --single-version-externally-managed install_data
[1.663s] running egg_info
[1.678s] writing ../../build/kaibot_description/kaibot_description.egg-info/PKG-INFO
[1.678s] writing dependency_links to ../../build/kaibot_description/kaibot_description.egg-info/dependency_links.txt
[1.678s] writing entry points to ../../build/kaibot_description/kaibot_description.egg-info/entry_points.txt
[1.678s] writing requirements to ../../build/kaibot_description/kaibot_description.egg-info/requires.txt
[1.678s] writing top-level names to ../../build/kaibot_description/kaibot_description.egg-info/top_level.txt
[1.707s] reading manifest file '../../build/kaibot_description/kaibot_description.egg-info/SOURCES.txt'
[1.710s] writing manifest file '../../build/kaibot_description/kaibot_description.egg-info/SOURCES.txt'
[1.711s] running build
[1.711s] running build_py
[1.711s] copying kaibot_description/move_control.py -> /home/ctk/kaibot_ws/build/kaibot_description/build/lib/kaibot_description
[1.712s] copying kaibot_description/__init__.py -> /home/ctk/kaibot_ws/build/kaibot_description/build/lib/kaibot_description
[1.714s] running install
[1.719s] running install_lib
[1.747s] running install_data
[1.750s] copying resource/kaibot_description -> /home/ctk/kaibot_ws/install/kaibot_description/share/ament_index/resource_index/packages
[1.750s] copying package.xml -> /home/ctk/kaibot_ws/install/kaibot_description/share/kaibot_description
[1.750s] copying launch/bringup_gz_nav2.launch.py -> /home/ctk/kaibot_ws/install/kaibot_description/share/kaibot_description/launch
[1.750s] copying launch/bringup_description.launch.py -> /home/ctk/kaibot_ws/install/kaibot_description/share/kaibot_description/launch
[1.750s] copying launch/bringup_gazebo.launch.py -> /home/ctk/kaibot_ws/install/kaibot_description/share/kaibot_description/launch
[1.750s] copying urdf/xiao_kai_robot.urdf -> /home/ctk/kaibot_ws/install/kaibot_description/share/kaibot_description/urdf
[1.750s] copying rviz/xiao_kai_robot_base_conf.rviz -> /home/ctk/kaibot_ws/install/kaibot_description/share/kaibot_description/rviz
[1.750s] copying world/chinic_multi.world -> /home/ctk/kaibot_ws/install/kaibot_description/share/kaibot_description/world
[1.750s] copying world/chinic.world -> /home/ctk/kaibot_ws/install/kaibot_description/share/kaibot_description/world
[1.750s] copying world/norsing_home.world -> /home/ctk/kaibot_ws/install/kaibot_description/share/kaibot_description/world
[1.751s] copying world/chinic_multi2.world -> /home/ctk/kaibot_ws/install/kaibot_description/share/kaibot_description/world
[1.751s] running install_egg_info
[1.767s] removing '/home/ctk/kaibot_ws/install/kaibot_description/lib/python3.10/site-packages/kaibot_description-0.0.0-py3.10.egg-info' (and everything under it)
[1.767s] Copying ../../build/kaibot_description/kaibot_description.egg-info to /home/ctk/kaibot_ws/install/kaibot_description/lib/python3.10/site-packages/kaibot_description-0.0.0-py3.10.egg-info
[1.768s] running install_scripts
[1.899s] Installing move_control script to /home/ctk/kaibot_ws/install/kaibot_description/lib/kaibot_description
[1.899s] writing list of installed files to '/home/ctk/kaibot_ws/build/kaibot_description/install.log'
[2.108s] Invoked command in '/home/ctk/kaibot_ws/src/kaibot_description' returned '0': PYTHONPATH=/home/ctk/kaibot_ws/build/kaibot_description/prefix_override:/usr/lib/python3/dist-packages/colcon_core/task/python/colcon_distutils_commands:/home/ctk/kaibot_ws/install/kaibot_description/lib/python3.10/site-packages:${PYTHONPATH} /usr/bin/python3 -W ignore:setup.py install is deprecated setup.py egg_info --egg-base ../../build/kaibot_description build --build-base /home/ctk/kaibot_ws/build/kaibot_description/build install --record /home/ctk/kaibot_ws/build/kaibot_description/install.log --single-version-externally-managed install_data
