[0.099s] DEBUG:colcon:Command line arguments: ['/usr/bin/colcon', 'build']
[0.099s] DEBUG:colcon:Parsed command line arguments: Namespace(log_base=None, log_level=None, verb_name='build', build_base='build', install_base='install', merge_install=False, symlink_install=False, test_result_base=None, continue_on_error=False, executor='parallel', parallel_workers=8, event_handlers=None, ignore_user_meta=False, metas=['./colcon.meta'], base_paths=['.'], packages_ignore=None, packages_ignore_regex=None, paths=None, packages_up_to=None, packages_up_to_regex=None, packages_above=None, packages_above_and_dependencies=None, packages_above_depth=None, packages_select_by_dep=None, packages_skip_by_dep=None, packages_skip_up_to=None, packages_select_build_failed=False, packages_skip_build_finished=False, packages_select_test_failures=False, packages_skip_test_passed=False, packages_select=None, packages_skip=None, packages_select_regex=None, packages_skip_regex=None, packages_start=None, packages_end=None, allow_overriding=[], cmake_args=None, cmake_target=None, cmake_target_skip_unavailable=False, cmake_clean_cache=False, cmake_clean_first=False, cmake_force_configure=False, ament_cmake_args=None, catkin_cmake_args=None, catkin_skip_building_tests=False, verb_parser=<colcon_defaults.argument_parser.defaults.DefaultArgumentsDecorator object at 0x77514934e440>, verb_extension=<colcon_core.verb.build.BuildVerb object at 0x77514934d390>, main=<bound method BuildVerb.main of <colcon_core.verb.build.BuildVerb object at 0x77514934d390>>)
[0.148s] Level 1:colcon.colcon_core.package_discovery:discover_packages(colcon_meta) check parameters
[0.148s] Level 1:colcon.colcon_core.package_discovery:discover_packages(recursive) check parameters
[0.148s] Level 1:colcon.colcon_core.package_discovery:discover_packages(ignore) check parameters
[0.148s] Level 1:colcon.colcon_core.package_discovery:discover_packages(path) check parameters
[0.148s] Level 1:colcon.colcon_core.package_discovery:discover_packages(colcon_meta) discover
[0.148s] Level 1:colcon.colcon_core.package_discovery:discover_packages(recursive) discover
[0.148s] INFO:colcon.colcon_core.package_discovery:Crawling recursively for packages in '/home/ctk/kaibot_ws'
[0.148s] Level 1:colcon.colcon_core.package_identification:_identify(.) by extensions ['ignore', 'ignore_ament_install']
[0.149s] Level 1:colcon.colcon_core.package_identification:_identify(.) by extension 'ignore'
[0.149s] Level 1:colcon.colcon_core.package_identification:_identify(.) by extension 'ignore_ament_install'
[0.149s] Level 1:colcon.colcon_core.package_identification:_identify(.) by extensions ['colcon_pkg']
[0.149s] Level 1:colcon.colcon_core.package_identification:_identify(.) by extension 'colcon_pkg'
[0.149s] Level 1:colcon.colcon_core.package_identification:_identify(.) by extensions ['colcon_meta']
[0.149s] Level 1:colcon.colcon_core.package_identification:_identify(.) by extension 'colcon_meta'
[0.149s] Level 1:colcon.colcon_core.package_identification:_identify(.) by extensions ['ros']
[0.149s] Level 1:colcon.colcon_core.package_identification:_identify(.) by extension 'ros'
[0.165s] Level 1:colcon.colcon_core.package_identification:_identify(.) by extensions ['cmake', 'python']
[0.165s] Level 1:colcon.colcon_core.package_identification:_identify(.) by extension 'cmake'
[0.165s] Level 1:colcon.colcon_core.package_identification:_identify(.) by extension 'python'
[0.165s] Level 1:colcon.colcon_core.package_identification:_identify(.) by extensions ['python_setup_py']
[0.165s] Level 1:colcon.colcon_core.package_identification:_identify(.) by extension 'python_setup_py'
[0.165s] Level 1:colcon.colcon_core.package_identification:_identify(build) by extensions ['ignore', 'ignore_ament_install']
[0.165s] Level 1:colcon.colcon_core.package_identification:_identify(build) by extension 'ignore'
[0.165s] Level 1:colcon.colcon_core.package_identification:_identify(build) ignored
[0.165s] Level 1:colcon.colcon_core.package_identification:_identify(install) by extensions ['ignore', 'ignore_ament_install']
[0.165s] Level 1:colcon.colcon_core.package_identification:_identify(install) by extension 'ignore'
[0.165s] Level 1:colcon.colcon_core.package_identification:_identify(install) ignored
[0.165s] Level 1:colcon.colcon_core.package_identification:_identify(log) by extensions ['ignore', 'ignore_ament_install']
[0.166s] Level 1:colcon.colcon_core.package_identification:_identify(log) by extension 'ignore'
[0.166s] Level 1:colcon.colcon_core.package_identification:_identify(log) ignored
[0.166s] Level 1:colcon.colcon_core.package_identification:_identify(src) by extensions ['ignore', 'ignore_ament_install']
[0.166s] Level 1:colcon.colcon_core.package_identification:_identify(src) by extension 'ignore'
[0.166s] Level 1:colcon.colcon_core.package_identification:_identify(src) by extension 'ignore_ament_install'
[0.166s] Level 1:colcon.colcon_core.package_identification:_identify(src) by extensions ['colcon_pkg']
[0.166s] Level 1:colcon.colcon_core.package_identification:_identify(src) by extension 'colcon_pkg'
[0.166s] Level 1:colcon.colcon_core.package_identification:_identify(src) by extensions ['colcon_meta']
[0.166s] Level 1:colcon.colcon_core.package_identification:_identify(src) by extension 'colcon_meta'
[0.166s] Level 1:colcon.colcon_core.package_identification:_identify(src) by extensions ['ros']
[0.166s] Level 1:colcon.colcon_core.package_identification:_identify(src) by extension 'ros'
[0.166s] Level 1:colcon.colcon_core.package_identification:_identify(src) by extensions ['cmake', 'python']
[0.166s] Level 1:colcon.colcon_core.package_identification:_identify(src) by extension 'cmake'
[0.166s] Level 1:colcon.colcon_core.package_identification:_identify(src) by extension 'python'
[0.166s] Level 1:colcon.colcon_core.package_identification:_identify(src) by extensions ['python_setup_py']
[0.166s] Level 1:colcon.colcon_core.package_identification:_identify(src) by extension 'python_setup_py'
[0.167s] Level 1:colcon.colcon_core.package_identification:_identify(src/drug_delivery_mechanism) by extensions ['ignore', 'ignore_ament_install']
[0.167s] Level 1:colcon.colcon_core.package_identification:_identify(src/drug_delivery_mechanism) by extension 'ignore'
[0.167s] Level 1:colcon.colcon_core.package_identification:_identify(src/drug_delivery_mechanism) by extension 'ignore_ament_install'
[0.167s] Level 1:colcon.colcon_core.package_identification:_identify(src/drug_delivery_mechanism) by extensions ['colcon_pkg']
[0.167s] Level 1:colcon.colcon_core.package_identification:_identify(src/drug_delivery_mechanism) by extension 'colcon_pkg'
[0.167s] Level 1:colcon.colcon_core.package_identification:_identify(src/drug_delivery_mechanism) by extensions ['colcon_meta']
[0.167s] Level 1:colcon.colcon_core.package_identification:_identify(src/drug_delivery_mechanism) by extension 'colcon_meta'
[0.167s] Level 1:colcon.colcon_core.package_identification:_identify(src/drug_delivery_mechanism) by extensions ['ros']
[0.167s] Level 1:colcon.colcon_core.package_identification:_identify(src/drug_delivery_mechanism) by extension 'ros'
[0.171s] DEBUG:colcon.colcon_core.package_identification:Package 'src/drug_delivery_mechanism' with type 'ros.ament_python' and name 'drug_delivery_mechanism'
[0.171s] Level 1:colcon.colcon_core.package_identification:_identify(src/kaibot_description) by extensions ['ignore', 'ignore_ament_install']
[0.171s] Level 1:colcon.colcon_core.package_identification:_identify(src/kaibot_description) by extension 'ignore'
[0.171s] Level 1:colcon.colcon_core.package_identification:_identify(src/kaibot_description) by extension 'ignore_ament_install'
[0.171s] Level 1:colcon.colcon_core.package_identification:_identify(src/kaibot_description) by extensions ['colcon_pkg']
[0.172s] Level 1:colcon.colcon_core.package_identification:_identify(src/kaibot_description) by extension 'colcon_pkg'
[0.172s] Level 1:colcon.colcon_core.package_identification:_identify(src/kaibot_description) by extensions ['colcon_meta']
[0.172s] Level 1:colcon.colcon_core.package_identification:_identify(src/kaibot_description) by extension 'colcon_meta'
[0.172s] Level 1:colcon.colcon_core.package_identification:_identify(src/kaibot_description) by extensions ['ros']
[0.172s] Level 1:colcon.colcon_core.package_identification:_identify(src/kaibot_description) by extension 'ros'
[0.173s] DEBUG:colcon.colcon_core.package_identification:Package 'src/kaibot_description' with type 'ros.ament_python' and name 'kaibot_description'
[0.173s] Level 1:colcon.colcon_core.package_identification:_identify(src/xiaokaibot_nav2) by extensions ['ignore', 'ignore_ament_install']
[0.173s] Level 1:colcon.colcon_core.package_identification:_identify(src/xiaokaibot_nav2) by extension 'ignore'
[0.173s] Level 1:colcon.colcon_core.package_identification:_identify(src/xiaokaibot_nav2) by extension 'ignore_ament_install'
[0.173s] Level 1:colcon.colcon_core.package_identification:_identify(src/xiaokaibot_nav2) by extensions ['colcon_pkg']
[0.173s] Level 1:colcon.colcon_core.package_identification:_identify(src/xiaokaibot_nav2) by extension 'colcon_pkg'
[0.173s] Level 1:colcon.colcon_core.package_identification:_identify(src/xiaokaibot_nav2) by extensions ['colcon_meta']
[0.173s] Level 1:colcon.colcon_core.package_identification:_identify(src/xiaokaibot_nav2) by extension 'colcon_meta'
[0.173s] Level 1:colcon.colcon_core.package_identification:_identify(src/xiaokaibot_nav2) by extensions ['ros']
[0.173s] Level 1:colcon.colcon_core.package_identification:_identify(src/xiaokaibot_nav2) by extension 'ros'
[0.174s] DEBUG:colcon.colcon_core.package_identification:Package 'src/xiaokaibot_nav2' with type 'ros.ament_python' and name 'xiaokaibot_nav2'
[0.174s] Level 1:colcon.colcon_core.package_discovery:discover_packages(recursive) using defaults
[0.174s] Level 1:colcon.colcon_core.package_discovery:discover_packages(ignore) discover
[0.174s] Level 1:colcon.colcon_core.package_discovery:discover_packages(ignore) using defaults
[0.174s] Level 1:colcon.colcon_core.package_discovery:discover_packages(path) discover
[0.174s] Level 1:colcon.colcon_core.package_discovery:discover_packages(path) using defaults
[0.194s] Level 1:colcon.colcon_core.package_discovery:discover_packages(prefix_path) check parameters
[0.194s] Level 1:colcon.colcon_core.package_discovery:discover_packages(prefix_path) discover
[0.196s] DEBUG:colcon.colcon_installed_package_information.package_discovery:Found 3 installed packages in /home/ctk/kaibot_ws/install
[0.197s] DEBUG:colcon.colcon_installed_package_information.package_discovery:Found 432 installed packages in /opt/ros/humble
[0.199s] Level 1:colcon.colcon_core.package_discovery:discover_packages(prefix_path) using defaults
[0.242s] Level 5:colcon.colcon_core.verb:set package 'drug_delivery_mechanism' build argument 'cmake_args' from command line to 'None'
[0.242s] Level 5:colcon.colcon_core.verb:set package 'drug_delivery_mechanism' build argument 'cmake_target' from command line to 'None'
[0.242s] Level 5:colcon.colcon_core.verb:set package 'drug_delivery_mechanism' build argument 'cmake_target_skip_unavailable' from command line to 'False'
[0.242s] Level 5:colcon.colcon_core.verb:set package 'drug_delivery_mechanism' build argument 'cmake_clean_cache' from command line to 'False'
[0.242s] Level 5:colcon.colcon_core.verb:set package 'drug_delivery_mechanism' build argument 'cmake_clean_first' from command line to 'False'
[0.242s] Level 5:colcon.colcon_core.verb:set package 'drug_delivery_mechanism' build argument 'cmake_force_configure' from command line to 'False'
[0.242s] Level 5:colcon.colcon_core.verb:set package 'drug_delivery_mechanism' build argument 'ament_cmake_args' from command line to 'None'
[0.242s] Level 5:colcon.colcon_core.verb:set package 'drug_delivery_mechanism' build argument 'catkin_cmake_args' from command line to 'None'
[0.242s] Level 5:colcon.colcon_core.verb:set package 'drug_delivery_mechanism' build argument 'catkin_skip_building_tests' from command line to 'False'
[0.242s] DEBUG:colcon.colcon_core.verb:Building package 'drug_delivery_mechanism' with the following arguments: {'ament_cmake_args': None, 'build_base': '/home/ctk/kaibot_ws/build/drug_delivery_mechanism', 'catkin_cmake_args': None, 'catkin_skip_building_tests': False, 'cmake_args': None, 'cmake_clean_cache': False, 'cmake_clean_first': False, 'cmake_force_configure': False, 'cmake_target': None, 'cmake_target_skip_unavailable': False, 'install_base': '/home/ctk/kaibot_ws/install/drug_delivery_mechanism', 'merge_install': False, 'path': '/home/ctk/kaibot_ws/src/drug_delivery_mechanism', 'symlink_install': False, 'test_result_base': None}
[0.242s] Level 5:colcon.colcon_core.verb:set package 'kaibot_description' build argument 'cmake_args' from command line to 'None'
[0.242s] Level 5:colcon.colcon_core.verb:set package 'kaibot_description' build argument 'cmake_target' from command line to 'None'
[0.242s] Level 5:colcon.colcon_core.verb:set package 'kaibot_description' build argument 'cmake_target_skip_unavailable' from command line to 'False'
[0.242s] Level 5:colcon.colcon_core.verb:set package 'kaibot_description' build argument 'cmake_clean_cache' from command line to 'False'
[0.242s] Level 5:colcon.colcon_core.verb:set package 'kaibot_description' build argument 'cmake_clean_first' from command line to 'False'
[0.242s] Level 5:colcon.colcon_core.verb:set package 'kaibot_description' build argument 'cmake_force_configure' from command line to 'False'
[0.242s] Level 5:colcon.colcon_core.verb:set package 'kaibot_description' build argument 'ament_cmake_args' from command line to 'None'
[0.242s] Level 5:colcon.colcon_core.verb:set package 'kaibot_description' build argument 'catkin_cmake_args' from command line to 'None'
[0.242s] Level 5:colcon.colcon_core.verb:set package 'kaibot_description' build argument 'catkin_skip_building_tests' from command line to 'False'
[0.242s] DEBUG:colcon.colcon_core.verb:Building package 'kaibot_description' with the following arguments: {'ament_cmake_args': None, 'build_base': '/home/ctk/kaibot_ws/build/kaibot_description', 'catkin_cmake_args': None, 'catkin_skip_building_tests': False, 'cmake_args': None, 'cmake_clean_cache': False, 'cmake_clean_first': False, 'cmake_force_configure': False, 'cmake_target': None, 'cmake_target_skip_unavailable': False, 'install_base': '/home/ctk/kaibot_ws/install/kaibot_description', 'merge_install': False, 'path': '/home/ctk/kaibot_ws/src/kaibot_description', 'symlink_install': False, 'test_result_base': None}
[0.243s] Level 5:colcon.colcon_core.verb:set package 'xiaokaibot_nav2' build argument 'cmake_args' from command line to 'None'
[0.243s] Level 5:colcon.colcon_core.verb:set package 'xiaokaibot_nav2' build argument 'cmake_target' from command line to 'None'
[0.243s] Level 5:colcon.colcon_core.verb:set package 'xiaokaibot_nav2' build argument 'cmake_target_skip_unavailable' from command line to 'False'
[0.243s] Level 5:colcon.colcon_core.verb:set package 'xiaokaibot_nav2' build argument 'cmake_clean_cache' from command line to 'False'
[0.243s] Level 5:colcon.colcon_core.verb:set package 'xiaokaibot_nav2' build argument 'cmake_clean_first' from command line to 'False'
[0.243s] Level 5:colcon.colcon_core.verb:set package 'xiaokaibot_nav2' build argument 'cmake_force_configure' from command line to 'False'
[0.243s] Level 5:colcon.colcon_core.verb:set package 'xiaokaibot_nav2' build argument 'ament_cmake_args' from command line to 'None'
[0.243s] Level 5:colcon.colcon_core.verb:set package 'xiaokaibot_nav2' build argument 'catkin_cmake_args' from command line to 'None'
[0.243s] Level 5:colcon.colcon_core.verb:set package 'xiaokaibot_nav2' build argument 'catkin_skip_building_tests' from command line to 'False'
[0.243s] DEBUG:colcon.colcon_core.verb:Building package 'xiaokaibot_nav2' with the following arguments: {'ament_cmake_args': None, 'build_base': '/home/ctk/kaibot_ws/build/xiaokaibot_nav2', 'catkin_cmake_args': None, 'catkin_skip_building_tests': False, 'cmake_args': None, 'cmake_clean_cache': False, 'cmake_clean_first': False, 'cmake_force_configure': False, 'cmake_target': None, 'cmake_target_skip_unavailable': False, 'install_base': '/home/ctk/kaibot_ws/install/xiaokaibot_nav2', 'merge_install': False, 'path': '/home/ctk/kaibot_ws/src/xiaokaibot_nav2', 'symlink_install': False, 'test_result_base': None}
[0.243s] INFO:colcon.colcon_core.executor:Executing jobs using 'parallel' executor
[0.244s] DEBUG:colcon.colcon_parallel_executor.executor.parallel:run_until_complete
[0.245s] INFO:colcon.colcon_ros.task.ament_python.build:Building ROS package in '/home/ctk/kaibot_ws/src/drug_delivery_mechanism' with build type 'ament_python'
[0.245s] Level 1:colcon.colcon_core.shell:create_environment_hook('drug_delivery_mechanism', 'ament_prefix_path')
[0.247s] INFO:colcon.colcon_core.plugin_system:Skipping extension 'colcon_core.shell.bat': Not used on non-Windows systems
[0.247s] INFO:colcon.colcon_core.shell:Creating environment hook '/home/ctk/kaibot_ws/install/drug_delivery_mechanism/share/drug_delivery_mechanism/hook/ament_prefix_path.ps1'
[0.248s] INFO:colcon.colcon_core.shell:Creating environment descriptor '/home/ctk/kaibot_ws/install/drug_delivery_mechanism/share/drug_delivery_mechanism/hook/ament_prefix_path.dsv'
[0.248s] INFO:colcon.colcon_core.shell:Creating environment hook '/home/ctk/kaibot_ws/install/drug_delivery_mechanism/share/drug_delivery_mechanism/hook/ament_prefix_path.sh'
[0.249s] INFO:colcon.colcon_core.shell:Skip shell extension 'powershell' for command environment: Not usable outside of PowerShell
[0.249s] DEBUG:colcon.colcon_core.shell:Skip shell extension 'dsv' for command environment
[0.256s] INFO:colcon.colcon_ros.task.ament_python.build:Building ROS package in '/home/ctk/kaibot_ws/src/kaibot_description' with build type 'ament_python'
[0.256s] Level 1:colcon.colcon_core.shell:create_environment_hook('kaibot_description', 'ament_prefix_path')
[0.257s] INFO:colcon.colcon_core.shell:Creating environment hook '/home/ctk/kaibot_ws/install/kaibot_description/share/kaibot_description/hook/ament_prefix_path.ps1'
[0.258s] INFO:colcon.colcon_core.shell:Creating environment descriptor '/home/ctk/kaibot_ws/install/kaibot_description/share/kaibot_description/hook/ament_prefix_path.dsv'
[0.259s] INFO:colcon.colcon_core.shell:Creating environment hook '/home/ctk/kaibot_ws/install/kaibot_description/share/kaibot_description/hook/ament_prefix_path.sh'
[0.260s] INFO:colcon.colcon_core.shell:Skip shell extension 'powershell' for command environment: Not usable outside of PowerShell
[0.260s] DEBUG:colcon.colcon_core.shell:Skip shell extension 'dsv' for command environment
[0.265s] INFO:colcon.colcon_ros.task.ament_python.build:Building ROS package in '/home/ctk/kaibot_ws/src/xiaokaibot_nav2' with build type 'ament_python'
[0.265s] Level 1:colcon.colcon_core.shell:create_environment_hook('xiaokaibot_nav2', 'ament_prefix_path')
[0.265s] INFO:colcon.colcon_core.shell:Creating environment hook '/home/ctk/kaibot_ws/install/xiaokaibot_nav2/share/xiaokaibot_nav2/hook/ament_prefix_path.ps1'
[0.266s] INFO:colcon.colcon_core.shell:Creating environment descriptor '/home/ctk/kaibot_ws/install/xiaokaibot_nav2/share/xiaokaibot_nav2/hook/ament_prefix_path.dsv'
[0.267s] INFO:colcon.colcon_core.shell:Creating environment hook '/home/ctk/kaibot_ws/install/xiaokaibot_nav2/share/xiaokaibot_nav2/hook/ament_prefix_path.sh'
[0.269s] INFO:colcon.colcon_core.shell:Skip shell extension 'powershell' for command environment: Not usable outside of PowerShell
[0.269s] DEBUG:colcon.colcon_core.shell:Skip shell extension 'dsv' for command environment
[0.609s] INFO:colcon.colcon_core.task.python.build:Building Python package in '/home/ctk/kaibot_ws/src/drug_delivery_mechanism'
[0.609s] INFO:colcon.colcon_core.shell:Skip shell extension 'powershell' for command environment: Not usable outside of PowerShell
[0.609s] DEBUG:colcon.colcon_core.shell:Skip shell extension 'dsv' for command environment
[0.892s] INFO:colcon.colcon_core.task.python.build:Building Python package in '/home/ctk/kaibot_ws/src/kaibot_description'
[0.894s] INFO:colcon.colcon_core.shell:Skip shell extension 'powershell' for command environment: Not usable outside of PowerShell
[0.894s] DEBUG:colcon.colcon_core.shell:Skip shell extension 'dsv' for command environment
[1.135s] INFO:colcon.colcon_core.task.python.build:Building Python package in '/home/ctk/kaibot_ws/src/xiaokaibot_nav2'
[1.136s] INFO:colcon.colcon_core.shell:Skip shell extension 'powershell' for command environment: Not usable outside of PowerShell
[1.136s] DEBUG:colcon.colcon_core.shell:Skip shell extension 'dsv' for command environment
[2.367s] DEBUG:colcon.colcon_core.event_handler.log_command:Invoking command in '/home/ctk/kaibot_ws/src/xiaokaibot_nav2': PYTHONPATH=/home/ctk/kaibot_ws/build/xiaokaibot_nav2/prefix_override:/usr/lib/python3/dist-packages/colcon_core/task/python/colcon_distutils_commands:/home/ctk/kaibot_ws/install/xiaokaibot_nav2/lib/python3.10/site-packages:${PYTHONPATH} /usr/bin/python3 -W ignore:setup.py install is deprecated setup.py egg_info --egg-base ../../build/xiaokaibot_nav2 build --build-base /home/ctk/kaibot_ws/build/xiaokaibot_nav2/build install --record /home/ctk/kaibot_ws/build/xiaokaibot_nav2/install.log --single-version-externally-managed install_data
[2.558s] DEBUG:colcon.colcon_core.event_handler.log_command:Invoking command in '/home/ctk/kaibot_ws/src/kaibot_description': PYTHONPATH=/home/ctk/kaibot_ws/build/kaibot_description/prefix_override:/usr/lib/python3/dist-packages/colcon_core/task/python/colcon_distutils_commands:/home/ctk/kaibot_ws/install/kaibot_description/lib/python3.10/site-packages:${PYTHONPATH} /usr/bin/python3 -W ignore:setup.py install is deprecated setup.py egg_info --egg-base ../../build/kaibot_description build --build-base /home/ctk/kaibot_ws/build/kaibot_description/build install --record /home/ctk/kaibot_ws/build/kaibot_description/install.log --single-version-externally-managed install_data
[2.561s] DEBUG:colcon.colcon_core.event_handler.log_command:Invoking command in '/home/ctk/kaibot_ws/src/drug_delivery_mechanism': PYTHONPATH=/home/ctk/kaibot_ws/build/drug_delivery_mechanism/prefix_override:/usr/lib/python3/dist-packages/colcon_core/task/python/colcon_distutils_commands:/home/ctk/kaibot_ws/install/drug_delivery_mechanism/lib/python3.10/site-packages:${PYTHONPATH} /usr/bin/python3 -W ignore:setup.py install is deprecated setup.py egg_info --egg-base ../../build/drug_delivery_mechanism build --build-base /home/ctk/kaibot_ws/build/drug_delivery_mechanism/build install --record /home/ctk/kaibot_ws/build/drug_delivery_mechanism/install.log --single-version-externally-managed install_data
[3.359s] DEBUG:colcon.colcon_core.event_handler.log_command:Invoked command in '/home/ctk/kaibot_ws/src/xiaokaibot_nav2' returned '0': PYTHONPATH=/home/ctk/kaibot_ws/build/xiaokaibot_nav2/prefix_override:/usr/lib/python3/dist-packages/colcon_core/task/python/colcon_distutils_commands:/home/ctk/kaibot_ws/install/xiaokaibot_nav2/lib/python3.10/site-packages:${PYTHONPATH} /usr/bin/python3 -W ignore:setup.py install is deprecated setup.py egg_info --egg-base ../../build/xiaokaibot_nav2 build --build-base /home/ctk/kaibot_ws/build/xiaokaibot_nav2/build install --record /home/ctk/kaibot_ws/build/xiaokaibot_nav2/install.log --single-version-externally-managed install_data
[3.363s] Level 1:colcon.colcon_core.environment:checking '/home/ctk/kaibot_ws/install/xiaokaibot_nav2' for CMake module files
[3.364s] Level 1:colcon.colcon_core.environment:checking '/home/ctk/kaibot_ws/install/xiaokaibot_nav2' for CMake config files
[3.366s] Level 1:colcon.colcon_core.environment:checking '/home/ctk/kaibot_ws/install/xiaokaibot_nav2/lib'
[3.368s] Level 1:colcon.colcon_core.environment:checking '/home/ctk/kaibot_ws/install/xiaokaibot_nav2/bin'
[3.368s] Level 1:colcon.colcon_core.environment:checking '/home/ctk/kaibot_ws/install/xiaokaibot_nav2/lib/pkgconfig/xiaokaibot_nav2.pc'
[3.368s] Level 1:colcon.colcon_core.environment:checking '/home/ctk/kaibot_ws/install/xiaokaibot_nav2/lib/python3.10/site-packages'
[3.374s] Level 1:colcon.colcon_core.shell:create_environment_hook('xiaokaibot_nav2', 'pythonpath')
[3.375s] INFO:colcon.colcon_core.shell:Creating environment hook '/home/ctk/kaibot_ws/install/xiaokaibot_nav2/share/xiaokaibot_nav2/hook/pythonpath.ps1'
[3.376s] INFO:colcon.colcon_core.shell:Creating environment descriptor '/home/ctk/kaibot_ws/install/xiaokaibot_nav2/share/xiaokaibot_nav2/hook/pythonpath.dsv'
[3.377s] INFO:colcon.colcon_core.shell:Creating environment hook '/home/ctk/kaibot_ws/install/xiaokaibot_nav2/share/xiaokaibot_nav2/hook/pythonpath.sh'
[3.381s] Level 1:colcon.colcon_core.environment:checking '/home/ctk/kaibot_ws/install/xiaokaibot_nav2/bin'
[3.382s] Level 1:colcon.colcon_core.environment:create_environment_scripts_only(xiaokaibot_nav2)
[3.384s] INFO:colcon.colcon_core.shell:Creating package script '/home/ctk/kaibot_ws/install/xiaokaibot_nav2/share/xiaokaibot_nav2/package.ps1'
[3.386s] INFO:colcon.colcon_core.shell:Creating package descriptor '/home/ctk/kaibot_ws/install/xiaokaibot_nav2/share/xiaokaibot_nav2/package.dsv'
[3.388s] INFO:colcon.colcon_core.shell:Creating package script '/home/ctk/kaibot_ws/install/xiaokaibot_nav2/share/xiaokaibot_nav2/package.sh'
[3.390s] INFO:colcon.colcon_core.shell:Creating package script '/home/ctk/kaibot_ws/install/xiaokaibot_nav2/share/xiaokaibot_nav2/package.bash'
[3.393s] INFO:colcon.colcon_core.shell:Creating package script '/home/ctk/kaibot_ws/install/xiaokaibot_nav2/share/xiaokaibot_nav2/package.zsh'
[3.395s] Level 1:colcon.colcon_core.environment:create_file_with_runtime_dependencies(/home/ctk/kaibot_ws/install/xiaokaibot_nav2/share/colcon-core/packages/xiaokaibot_nav2)
[3.638s] Level 1:colcon.colcon_core.environment:checking '/home/ctk/kaibot_ws/install/kaibot_description' for CMake module files
[3.640s] DEBUG:colcon.colcon_core.event_handler.log_command:Invoked command in '/home/ctk/kaibot_ws/src/kaibot_description' returned '0': PYTHONPATH=/home/ctk/kaibot_ws/build/kaibot_description/prefix_override:/usr/lib/python3/dist-packages/colcon_core/task/python/colcon_distutils_commands:/home/ctk/kaibot_ws/install/kaibot_description/lib/python3.10/site-packages:${PYTHONPATH} /usr/bin/python3 -W ignore:setup.py install is deprecated setup.py egg_info --egg-base ../../build/kaibot_description build --build-base /home/ctk/kaibot_ws/build/kaibot_description/build install --record /home/ctk/kaibot_ws/build/kaibot_description/install.log --single-version-externally-managed install_data
[3.640s] Level 1:colcon.colcon_core.environment:checking '/home/ctk/kaibot_ws/install/kaibot_description' for CMake config files
[3.641s] Level 1:colcon.colcon_core.environment:checking '/home/ctk/kaibot_ws/install/kaibot_description/lib'
[3.641s] Level 1:colcon.colcon_core.environment:checking '/home/ctk/kaibot_ws/install/kaibot_description/bin'
[3.641s] Level 1:colcon.colcon_core.environment:checking '/home/ctk/kaibot_ws/install/kaibot_description/lib/pkgconfig/kaibot_description.pc'
[3.641s] Level 1:colcon.colcon_core.environment:checking '/home/ctk/kaibot_ws/install/kaibot_description/lib/python3.10/site-packages'
[3.641s] Level 1:colcon.colcon_core.shell:create_environment_hook('kaibot_description', 'pythonpath')
[3.642s] INFO:colcon.colcon_core.shell:Creating environment hook '/home/ctk/kaibot_ws/install/kaibot_description/share/kaibot_description/hook/pythonpath.ps1'
[3.642s] INFO:colcon.colcon_core.shell:Creating environment descriptor '/home/ctk/kaibot_ws/install/kaibot_description/share/kaibot_description/hook/pythonpath.dsv'
[3.643s] INFO:colcon.colcon_core.shell:Creating environment hook '/home/ctk/kaibot_ws/install/kaibot_description/share/kaibot_description/hook/pythonpath.sh'
[3.644s] Level 1:colcon.colcon_core.environment:checking '/home/ctk/kaibot_ws/install/kaibot_description/bin'
[3.644s] Level 1:colcon.colcon_core.environment:create_environment_scripts_only(kaibot_description)
[3.644s] INFO:colcon.colcon_core.shell:Creating package script '/home/ctk/kaibot_ws/install/kaibot_description/share/kaibot_description/package.ps1'
[3.645s] INFO:colcon.colcon_core.shell:Creating package descriptor '/home/ctk/kaibot_ws/install/kaibot_description/share/kaibot_description/package.dsv'
[3.646s] INFO:colcon.colcon_core.shell:Creating package script '/home/ctk/kaibot_ws/install/kaibot_description/share/kaibot_description/package.sh'
[3.646s] INFO:colcon.colcon_core.shell:Creating package script '/home/ctk/kaibot_ws/install/kaibot_description/share/kaibot_description/package.bash'
[3.647s] INFO:colcon.colcon_core.shell:Creating package script '/home/ctk/kaibot_ws/install/kaibot_description/share/kaibot_description/package.zsh'
[3.647s] Level 1:colcon.colcon_core.environment:create_file_with_runtime_dependencies(/home/ctk/kaibot_ws/install/kaibot_description/share/colcon-core/packages/kaibot_description)
[3.660s] Level 1:colcon.colcon_core.environment:checking '/home/ctk/kaibot_ws/install/drug_delivery_mechanism' for CMake module files
[3.661s] DEBUG:colcon.colcon_core.event_handler.log_command:Invoked command in '/home/ctk/kaibot_ws/src/drug_delivery_mechanism' returned '0': PYTHONPATH=/home/ctk/kaibot_ws/build/drug_delivery_mechanism/prefix_override:/usr/lib/python3/dist-packages/colcon_core/task/python/colcon_distutils_commands:/home/ctk/kaibot_ws/install/drug_delivery_mechanism/lib/python3.10/site-packages:${PYTHONPATH} /usr/bin/python3 -W ignore:setup.py install is deprecated setup.py egg_info --egg-base ../../build/drug_delivery_mechanism build --build-base /home/ctk/kaibot_ws/build/drug_delivery_mechanism/build install --record /home/ctk/kaibot_ws/build/drug_delivery_mechanism/install.log --single-version-externally-managed install_data
[3.662s] Level 1:colcon.colcon_core.environment:checking '/home/ctk/kaibot_ws/install/drug_delivery_mechanism' for CMake config files
[3.663s] Level 1:colcon.colcon_core.environment:checking '/home/ctk/kaibot_ws/install/drug_delivery_mechanism/lib'
[3.663s] Level 1:colcon.colcon_core.environment:checking '/home/ctk/kaibot_ws/install/drug_delivery_mechanism/bin'
[3.663s] Level 1:colcon.colcon_core.environment:checking '/home/ctk/kaibot_ws/install/drug_delivery_mechanism/lib/pkgconfig/drug_delivery_mechanism.pc'
[3.663s] Level 1:colcon.colcon_core.environment:checking '/home/ctk/kaibot_ws/install/drug_delivery_mechanism/lib/python3.10/site-packages'
[3.664s] Level 1:colcon.colcon_core.shell:create_environment_hook('drug_delivery_mechanism', 'pythonpath')
[3.664s] INFO:colcon.colcon_core.shell:Creating environment hook '/home/ctk/kaibot_ws/install/drug_delivery_mechanism/share/drug_delivery_mechanism/hook/pythonpath.ps1'
[3.665s] INFO:colcon.colcon_core.shell:Creating environment descriptor '/home/ctk/kaibot_ws/install/drug_delivery_mechanism/share/drug_delivery_mechanism/hook/pythonpath.dsv'
[3.667s] INFO:colcon.colcon_core.shell:Creating environment hook '/home/ctk/kaibot_ws/install/drug_delivery_mechanism/share/drug_delivery_mechanism/hook/pythonpath.sh'
[3.669s] Level 1:colcon.colcon_core.environment:checking '/home/ctk/kaibot_ws/install/drug_delivery_mechanism/bin'
[3.671s] Level 1:colcon.colcon_core.environment:create_environment_scripts_only(drug_delivery_mechanism)
[3.672s] INFO:colcon.colcon_core.shell:Creating package script '/home/ctk/kaibot_ws/install/drug_delivery_mechanism/share/drug_delivery_mechanism/package.ps1'
[3.675s] INFO:colcon.colcon_core.shell:Creating package descriptor '/home/ctk/kaibot_ws/install/drug_delivery_mechanism/share/drug_delivery_mechanism/package.dsv'
[3.677s] INFO:colcon.colcon_core.shell:Creating package script '/home/ctk/kaibot_ws/install/drug_delivery_mechanism/share/drug_delivery_mechanism/package.sh'
[3.679s] INFO:colcon.colcon_core.shell:Creating package script '/home/ctk/kaibot_ws/install/drug_delivery_mechanism/share/drug_delivery_mechanism/package.bash'
[3.679s] INFO:colcon.colcon_core.shell:Creating package script '/home/ctk/kaibot_ws/install/drug_delivery_mechanism/share/drug_delivery_mechanism/package.zsh'
[3.680s] Level 1:colcon.colcon_core.environment:create_file_with_runtime_dependencies(/home/ctk/kaibot_ws/install/drug_delivery_mechanism/share/colcon-core/packages/drug_delivery_mechanism)
[3.681s] DEBUG:colcon.colcon_parallel_executor.executor.parallel:closing loop
[3.681s] DEBUG:colcon.colcon_parallel_executor.executor.parallel:loop closed
[3.681s] DEBUG:colcon.colcon_parallel_executor.executor.parallel:run_until_complete finished with '0'
[3.682s] DEBUG:colcon.colcon_core.event_reactor:joining thread
[3.720s] INFO:colcon.colcon_core.plugin_system:Skipping extension 'colcon_notification.desktop_notification.terminal_notifier': Not used on non-Darwin systems
[3.720s] INFO:colcon.colcon_core.plugin_system:Skipping extension 'colcon_notification.desktop_notification.win32': Not used on non-Windows systems
[3.720s] INFO:colcon.colcon_notification.desktop_notification:Sending desktop notification using 'notify2'
[3.741s] DEBUG:colcon.colcon_core.event_reactor:joined thread
[3.743s] INFO:colcon.colcon_core.shell:Creating prefix script '/home/ctk/kaibot_ws/install/local_setup.ps1'
[3.745s] INFO:colcon.colcon_core.shell:Creating prefix util module '/home/ctk/kaibot_ws/install/_local_setup_util_ps1.py'
[3.747s] INFO:colcon.colcon_core.shell:Creating prefix chain script '/home/ctk/kaibot_ws/install/setup.ps1'
[3.748s] INFO:colcon.colcon_core.shell:Creating prefix script '/home/ctk/kaibot_ws/install/local_setup.sh'
[3.750s] INFO:colcon.colcon_core.shell:Creating prefix util module '/home/ctk/kaibot_ws/install/_local_setup_util_sh.py'
[3.751s] INFO:colcon.colcon_core.shell:Creating prefix chain script '/home/ctk/kaibot_ws/install/setup.sh'
[3.754s] INFO:colcon.colcon_core.shell:Creating prefix script '/home/ctk/kaibot_ws/install/local_setup.bash'
[3.756s] INFO:colcon.colcon_core.shell:Creating prefix chain script '/home/ctk/kaibot_ws/install/setup.bash'
[3.758s] INFO:colcon.colcon_core.shell:Creating prefix script '/home/ctk/kaibot_ws/install/local_setup.zsh'
[3.758s] INFO:colcon.colcon_core.shell:Creating prefix chain script '/home/ctk/kaibot_ws/install/setup.zsh'
