[0.075s] DEBUG:colcon:Command line arguments: ['/usr/bin/colcon', 'build']
[0.075s] DEBUG:colcon:Parsed command line arguments: Namespace(log_base=None, log_level=None, verb_name='build', build_base='build', install_base='install', merge_install=False, symlink_install=False, test_result_base=None, continue_on_error=False, executor='parallel', parallel_workers=8, event_handlers=None, ignore_user_meta=False, metas=['./colcon.meta'], base_paths=['.'], packages_ignore=None, packages_ignore_regex=None, paths=None, packages_up_to=None, packages_up_to_regex=None, packages_above=None, packages_above_and_dependencies=None, packages_above_depth=None, packages_select_by_dep=None, packages_skip_by_dep=None, packages_skip_up_to=None, packages_select_build_failed=False, packages_skip_build_finished=False, packages_select_test_failures=False, packages_skip_test_passed=False, packages_select=None, packages_skip=None, packages_select_regex=None, packages_skip_regex=None, packages_start=None, packages_end=None, allow_overriding=[], cmake_args=None, cmake_target=None, cmake_target_skip_unavailable=False, cmake_clean_cache=False, cmake_clean_first=False, cmake_force_configure=False, ament_cmake_args=None, catkin_cmake_args=None, catkin_skip_building_tests=False, verb_parser=<colcon_defaults.argument_parser.defaults.DefaultArgumentsDecorator object at 0x71a56da01e70>, verb_extension=<colcon_core.verb.build.BuildVerb object at 0x71a56da00dc0>, main=<bound method BuildVerb.main of <colcon_core.verb.build.BuildVerb object at 0x71a56da00dc0>>)
[0.104s] Level 1:colcon.colcon_core.package_discovery:discover_packages(colcon_meta) check parameters
[0.104s] Level 1:colcon.colcon_core.package_discovery:discover_packages(recursive) check parameters
[0.104s] Level 1:colcon.colcon_core.package_discovery:discover_packages(ignore) check parameters
[0.104s] Level 1:colcon.colcon_core.package_discovery:discover_packages(path) check parameters
[0.104s] Level 1:colcon.colcon_core.package_discovery:discover_packages(colcon_meta) discover
[0.105s] Level 1:colcon.colcon_core.package_discovery:discover_packages(recursive) discover
[0.105s] INFO:colcon.colcon_core.package_discovery:Crawling recursively for packages in '/home/ctk/kaibot_ws'
[0.105s] Level 1:colcon.colcon_core.package_identification:_identify(.) by extensions ['ignore', 'ignore_ament_install']
[0.105s] Level 1:colcon.colcon_core.package_identification:_identify(.) by extension 'ignore'
[0.105s] Level 1:colcon.colcon_core.package_identification:_identify(.) by extension 'ignore_ament_install'
[0.105s] Level 1:colcon.colcon_core.package_identification:_identify(.) by extensions ['colcon_pkg']
[0.105s] Level 1:colcon.colcon_core.package_identification:_identify(.) by extension 'colcon_pkg'
[0.105s] Level 1:colcon.colcon_core.package_identification:_identify(.) by extensions ['colcon_meta']
[0.105s] Level 1:colcon.colcon_core.package_identification:_identify(.) by extension 'colcon_meta'
[0.105s] Level 1:colcon.colcon_core.package_identification:_identify(.) by extensions ['ros']
[0.105s] Level 1:colcon.colcon_core.package_identification:_identify(.) by extension 'ros'
[0.116s] Level 1:colcon.colcon_core.package_identification:_identify(.) by extensions ['cmake', 'python']
[0.116s] Level 1:colcon.colcon_core.package_identification:_identify(.) by extension 'cmake'
[0.116s] Level 1:colcon.colcon_core.package_identification:_identify(.) by extension 'python'
[0.116s] Level 1:colcon.colcon_core.package_identification:_identify(.) by extensions ['python_setup_py']
[0.116s] Level 1:colcon.colcon_core.package_identification:_identify(.) by extension 'python_setup_py'
[0.116s] Level 1:colcon.colcon_core.package_identification:_identify(build) by extensions ['ignore', 'ignore_ament_install']
[0.116s] Level 1:colcon.colcon_core.package_identification:_identify(build) by extension 'ignore'
[0.116s] Level 1:colcon.colcon_core.package_identification:_identify(build) ignored
[0.116s] Level 1:colcon.colcon_core.package_identification:_identify(install) by extensions ['ignore', 'ignore_ament_install']
[0.116s] Level 1:colcon.colcon_core.package_identification:_identify(install) by extension 'ignore'
[0.116s] Level 1:colcon.colcon_core.package_identification:_identify(install) ignored
[0.116s] Level 1:colcon.colcon_core.package_identification:_identify(log) by extensions ['ignore', 'ignore_ament_install']
[0.116s] Level 1:colcon.colcon_core.package_identification:_identify(log) by extension 'ignore'
[0.116s] Level 1:colcon.colcon_core.package_identification:_identify(log) ignored
[0.117s] Level 1:colcon.colcon_core.package_identification:_identify(src) by extensions ['ignore', 'ignore_ament_install']
[0.117s] Level 1:colcon.colcon_core.package_identification:_identify(src) by extension 'ignore'
[0.117s] Level 1:colcon.colcon_core.package_identification:_identify(src) by extension 'ignore_ament_install'
[0.117s] Level 1:colcon.colcon_core.package_identification:_identify(src) by extensions ['colcon_pkg']
[0.117s] Level 1:colcon.colcon_core.package_identification:_identify(src) by extension 'colcon_pkg'
[0.117s] Level 1:colcon.colcon_core.package_identification:_identify(src) by extensions ['colcon_meta']
[0.117s] Level 1:colcon.colcon_core.package_identification:_identify(src) by extension 'colcon_meta'
[0.117s] Level 1:colcon.colcon_core.package_identification:_identify(src) by extensions ['ros']
[0.117s] Level 1:colcon.colcon_core.package_identification:_identify(src) by extension 'ros'
[0.117s] Level 1:colcon.colcon_core.package_identification:_identify(src) by extensions ['cmake', 'python']
[0.117s] Level 1:colcon.colcon_core.package_identification:_identify(src) by extension 'cmake'
[0.117s] Level 1:colcon.colcon_core.package_identification:_identify(src) by extension 'python'
[0.117s] Level 1:colcon.colcon_core.package_identification:_identify(src) by extensions ['python_setup_py']
[0.117s] Level 1:colcon.colcon_core.package_identification:_identify(src) by extension 'python_setup_py'
[0.117s] Level 1:colcon.colcon_core.package_identification:_identify(src/drug_delivery_mechanism) by extensions ['ignore', 'ignore_ament_install']
[0.117s] Level 1:colcon.colcon_core.package_identification:_identify(src/drug_delivery_mechanism) by extension 'ignore'
[0.117s] Level 1:colcon.colcon_core.package_identification:_identify(src/drug_delivery_mechanism) by extension 'ignore_ament_install'
[0.117s] Level 1:colcon.colcon_core.package_identification:_identify(src/drug_delivery_mechanism) by extensions ['colcon_pkg']
[0.117s] Level 1:colcon.colcon_core.package_identification:_identify(src/drug_delivery_mechanism) by extension 'colcon_pkg'
[0.117s] Level 1:colcon.colcon_core.package_identification:_identify(src/drug_delivery_mechanism) by extensions ['colcon_meta']
[0.117s] Level 1:colcon.colcon_core.package_identification:_identify(src/drug_delivery_mechanism) by extension 'colcon_meta'
[0.117s] Level 1:colcon.colcon_core.package_identification:_identify(src/drug_delivery_mechanism) by extensions ['ros']
[0.117s] Level 1:colcon.colcon_core.package_identification:_identify(src/drug_delivery_mechanism) by extension 'ros'
[0.119s] DEBUG:colcon.colcon_core.package_identification:Package 'src/drug_delivery_mechanism' with type 'ros.ament_python' and name 'drug_delivery_mechanism'
[0.119s] Level 1:colcon.colcon_core.package_identification:_identify(src/kaibot_description) by extensions ['ignore', 'ignore_ament_install']
[0.119s] Level 1:colcon.colcon_core.package_identification:_identify(src/kaibot_description) by extension 'ignore'
[0.119s] Level 1:colcon.colcon_core.package_identification:_identify(src/kaibot_description) by extension 'ignore_ament_install'
[0.120s] Level 1:colcon.colcon_core.package_identification:_identify(src/kaibot_description) by extensions ['colcon_pkg']
[0.120s] Level 1:colcon.colcon_core.package_identification:_identify(src/kaibot_description) by extension 'colcon_pkg'
[0.120s] Level 1:colcon.colcon_core.package_identification:_identify(src/kaibot_description) by extensions ['colcon_meta']
[0.120s] Level 1:colcon.colcon_core.package_identification:_identify(src/kaibot_description) by extension 'colcon_meta'
[0.120s] Level 1:colcon.colcon_core.package_identification:_identify(src/kaibot_description) by extensions ['ros']
[0.120s] Level 1:colcon.colcon_core.package_identification:_identify(src/kaibot_description) by extension 'ros'
[0.120s] DEBUG:colcon.colcon_core.package_identification:Package 'src/kaibot_description' with type 'ros.ament_python' and name 'kaibot_description'
[0.120s] Level 1:colcon.colcon_core.package_identification:_identify(src/xiaokaibot_nav2) by extensions ['ignore', 'ignore_ament_install']
[0.120s] Level 1:colcon.colcon_core.package_identification:_identify(src/xiaokaibot_nav2) by extension 'ignore'
[0.120s] Level 1:colcon.colcon_core.package_identification:_identify(src/xiaokaibot_nav2) by extension 'ignore_ament_install'
[0.120s] Level 1:colcon.colcon_core.package_identification:_identify(src/xiaokaibot_nav2) by extensions ['colcon_pkg']
[0.120s] Level 1:colcon.colcon_core.package_identification:_identify(src/xiaokaibot_nav2) by extension 'colcon_pkg'
[0.120s] Level 1:colcon.colcon_core.package_identification:_identify(src/xiaokaibot_nav2) by extensions ['colcon_meta']
[0.120s] Level 1:colcon.colcon_core.package_identification:_identify(src/xiaokaibot_nav2) by extension 'colcon_meta'
[0.120s] Level 1:colcon.colcon_core.package_identification:_identify(src/xiaokaibot_nav2) by extensions ['ros']
[0.121s] Level 1:colcon.colcon_core.package_identification:_identify(src/xiaokaibot_nav2) by extension 'ros'
[0.121s] DEBUG:colcon.colcon_core.package_identification:Package 'src/xiaokaibot_nav2' with type 'ros.ament_python' and name 'xiaokaibot_nav2'
[0.121s] Level 1:colcon.colcon_core.package_discovery:discover_packages(recursive) using defaults
[0.121s] Level 1:colcon.colcon_core.package_discovery:discover_packages(ignore) discover
[0.121s] Level 1:colcon.colcon_core.package_discovery:discover_packages(ignore) using defaults
[0.121s] Level 1:colcon.colcon_core.package_discovery:discover_packages(path) discover
[0.121s] Level 1:colcon.colcon_core.package_discovery:discover_packages(path) using defaults
[0.136s] Level 1:colcon.colcon_core.package_discovery:discover_packages(prefix_path) check parameters
[0.136s] Level 1:colcon.colcon_core.package_discovery:discover_packages(prefix_path) discover
[0.138s] DEBUG:colcon.colcon_installed_package_information.package_discovery:Found 432 installed packages in /opt/ros/humble
[0.140s] Level 1:colcon.colcon_core.package_discovery:discover_packages(prefix_path) using defaults
[0.173s] Level 5:colcon.colcon_core.verb:set package 'drug_delivery_mechanism' build argument 'cmake_args' from command line to 'None'
[0.173s] Level 5:colcon.colcon_core.verb:set package 'drug_delivery_mechanism' build argument 'cmake_target' from command line to 'None'
[0.173s] Level 5:colcon.colcon_core.verb:set package 'drug_delivery_mechanism' build argument 'cmake_target_skip_unavailable' from command line to 'False'
[0.173s] Level 5:colcon.colcon_core.verb:set package 'drug_delivery_mechanism' build argument 'cmake_clean_cache' from command line to 'False'
[0.173s] Level 5:colcon.colcon_core.verb:set package 'drug_delivery_mechanism' build argument 'cmake_clean_first' from command line to 'False'
[0.173s] Level 5:colcon.colcon_core.verb:set package 'drug_delivery_mechanism' build argument 'cmake_force_configure' from command line to 'False'
[0.173s] Level 5:colcon.colcon_core.verb:set package 'drug_delivery_mechanism' build argument 'ament_cmake_args' from command line to 'None'
[0.173s] Level 5:colcon.colcon_core.verb:set package 'drug_delivery_mechanism' build argument 'catkin_cmake_args' from command line to 'None'
[0.173s] Level 5:colcon.colcon_core.verb:set package 'drug_delivery_mechanism' build argument 'catkin_skip_building_tests' from command line to 'False'
[0.173s] DEBUG:colcon.colcon_core.verb:Building package 'drug_delivery_mechanism' with the following arguments: {'ament_cmake_args': None, 'build_base': '/home/ctk/kaibot_ws/build/drug_delivery_mechanism', 'catkin_cmake_args': None, 'catkin_skip_building_tests': False, 'cmake_args': None, 'cmake_clean_cache': False, 'cmake_clean_first': False, 'cmake_force_configure': False, 'cmake_target': None, 'cmake_target_skip_unavailable': False, 'install_base': '/home/ctk/kaibot_ws/install/drug_delivery_mechanism', 'merge_install': False, 'path': '/home/ctk/kaibot_ws/src/drug_delivery_mechanism', 'symlink_install': False, 'test_result_base': None}
[0.173s] Level 5:colcon.colcon_core.verb:set package 'kaibot_description' build argument 'cmake_args' from command line to 'None'
[0.173s] Level 5:colcon.colcon_core.verb:set package 'kaibot_description' build argument 'cmake_target' from command line to 'None'
[0.173s] Level 5:colcon.colcon_core.verb:set package 'kaibot_description' build argument 'cmake_target_skip_unavailable' from command line to 'False'
[0.173s] Level 5:colcon.colcon_core.verb:set package 'kaibot_description' build argument 'cmake_clean_cache' from command line to 'False'
[0.173s] Level 5:colcon.colcon_core.verb:set package 'kaibot_description' build argument 'cmake_clean_first' from command line to 'False'
[0.173s] Level 5:colcon.colcon_core.verb:set package 'kaibot_description' build argument 'cmake_force_configure' from command line to 'False'
[0.173s] Level 5:colcon.colcon_core.verb:set package 'kaibot_description' build argument 'ament_cmake_args' from command line to 'None'
[0.173s] Level 5:colcon.colcon_core.verb:set package 'kaibot_description' build argument 'catkin_cmake_args' from command line to 'None'
[0.173s] Level 5:colcon.colcon_core.verb:set package 'kaibot_description' build argument 'catkin_skip_building_tests' from command line to 'False'
[0.173s] DEBUG:colcon.colcon_core.verb:Building package 'kaibot_description' with the following arguments: {'ament_cmake_args': None, 'build_base': '/home/ctk/kaibot_ws/build/kaibot_description', 'catkin_cmake_args': None, 'catkin_skip_building_tests': False, 'cmake_args': None, 'cmake_clean_cache': False, 'cmake_clean_first': False, 'cmake_force_configure': False, 'cmake_target': None, 'cmake_target_skip_unavailable': False, 'install_base': '/home/ctk/kaibot_ws/install/kaibot_description', 'merge_install': False, 'path': '/home/ctk/kaibot_ws/src/kaibot_description', 'symlink_install': False, 'test_result_base': None}
[0.174s] Level 5:colcon.colcon_core.verb:set package 'xiaokaibot_nav2' build argument 'cmake_args' from command line to 'None'
[0.174s] Level 5:colcon.colcon_core.verb:set package 'xiaokaibot_nav2' build argument 'cmake_target' from command line to 'None'
[0.174s] Level 5:colcon.colcon_core.verb:set package 'xiaokaibot_nav2' build argument 'cmake_target_skip_unavailable' from command line to 'False'
[0.174s] Level 5:colcon.colcon_core.verb:set package 'xiaokaibot_nav2' build argument 'cmake_clean_cache' from command line to 'False'
[0.174s] Level 5:colcon.colcon_core.verb:set package 'xiaokaibot_nav2' build argument 'cmake_clean_first' from command line to 'False'
[0.174s] Level 5:colcon.colcon_core.verb:set package 'xiaokaibot_nav2' build argument 'cmake_force_configure' from command line to 'False'
[0.174s] Level 5:colcon.colcon_core.verb:set package 'xiaokaibot_nav2' build argument 'ament_cmake_args' from command line to 'None'
[0.174s] Level 5:colcon.colcon_core.verb:set package 'xiaokaibot_nav2' build argument 'catkin_cmake_args' from command line to 'None'
[0.174s] Level 5:colcon.colcon_core.verb:set package 'xiaokaibot_nav2' build argument 'catkin_skip_building_tests' from command line to 'False'
[0.174s] DEBUG:colcon.colcon_core.verb:Building package 'xiaokaibot_nav2' with the following arguments: {'ament_cmake_args': None, 'build_base': '/home/ctk/kaibot_ws/build/xiaokaibot_nav2', 'catkin_cmake_args': None, 'catkin_skip_building_tests': False, 'cmake_args': None, 'cmake_clean_cache': False, 'cmake_clean_first': False, 'cmake_force_configure': False, 'cmake_target': None, 'cmake_target_skip_unavailable': False, 'install_base': '/home/ctk/kaibot_ws/install/xiaokaibot_nav2', 'merge_install': False, 'path': '/home/ctk/kaibot_ws/src/xiaokaibot_nav2', 'symlink_install': False, 'test_result_base': None}
[0.174s] INFO:colcon.colcon_core.executor:Executing jobs using 'parallel' executor
[0.175s] DEBUG:colcon.colcon_parallel_executor.executor.parallel:run_until_complete
[0.175s] INFO:colcon.colcon_ros.task.ament_python.build:Building ROS package in '/home/ctk/kaibot_ws/src/drug_delivery_mechanism' with build type 'ament_python'
[0.175s] Level 1:colcon.colcon_core.shell:create_environment_hook('drug_delivery_mechanism', 'ament_prefix_path')
[0.177s] INFO:colcon.colcon_core.plugin_system:Skipping extension 'colcon_core.shell.bat': Not used on non-Windows systems
[0.177s] INFO:colcon.colcon_core.shell:Creating environment hook '/home/ctk/kaibot_ws/install/drug_delivery_mechanism/share/drug_delivery_mechanism/hook/ament_prefix_path.ps1'
[0.177s] INFO:colcon.colcon_core.shell:Creating environment descriptor '/home/ctk/kaibot_ws/install/drug_delivery_mechanism/share/drug_delivery_mechanism/hook/ament_prefix_path.dsv'
[0.178s] INFO:colcon.colcon_core.shell:Creating environment hook '/home/ctk/kaibot_ws/install/drug_delivery_mechanism/share/drug_delivery_mechanism/hook/ament_prefix_path.sh'
[0.178s] INFO:colcon.colcon_core.shell:Skip shell extension 'powershell' for command environment: Not usable outside of PowerShell
[0.179s] DEBUG:colcon.colcon_core.shell:Skip shell extension 'dsv' for command environment
[0.181s] INFO:colcon.colcon_ros.task.ament_python.build:Building ROS package in '/home/ctk/kaibot_ws/src/kaibot_description' with build type 'ament_python'
[0.181s] Level 1:colcon.colcon_core.shell:create_environment_hook('kaibot_description', 'ament_prefix_path')
[0.182s] INFO:colcon.colcon_core.shell:Creating environment hook '/home/ctk/kaibot_ws/install/kaibot_description/share/kaibot_description/hook/ament_prefix_path.ps1'
[0.182s] INFO:colcon.colcon_core.shell:Creating environment descriptor '/home/ctk/kaibot_ws/install/kaibot_description/share/kaibot_description/hook/ament_prefix_path.dsv'
[0.183s] INFO:colcon.colcon_core.shell:Creating environment hook '/home/ctk/kaibot_ws/install/kaibot_description/share/kaibot_description/hook/ament_prefix_path.sh'
[0.183s] INFO:colcon.colcon_core.shell:Skip shell extension 'powershell' for command environment: Not usable outside of PowerShell
[0.183s] DEBUG:colcon.colcon_core.shell:Skip shell extension 'dsv' for command environment
[0.188s] INFO:colcon.colcon_ros.task.ament_python.build:Building ROS package in '/home/ctk/kaibot_ws/src/xiaokaibot_nav2' with build type 'ament_python'
[0.188s] Level 1:colcon.colcon_core.shell:create_environment_hook('xiaokaibot_nav2', 'ament_prefix_path')
[0.188s] INFO:colcon.colcon_core.shell:Creating environment hook '/home/ctk/kaibot_ws/install/xiaokaibot_nav2/share/xiaokaibot_nav2/hook/ament_prefix_path.ps1'
[0.189s] INFO:colcon.colcon_core.shell:Creating environment descriptor '/home/ctk/kaibot_ws/install/xiaokaibot_nav2/share/xiaokaibot_nav2/hook/ament_prefix_path.dsv'
[0.190s] INFO:colcon.colcon_core.shell:Creating environment hook '/home/ctk/kaibot_ws/install/xiaokaibot_nav2/share/xiaokaibot_nav2/hook/ament_prefix_path.sh'
[0.190s] INFO:colcon.colcon_core.shell:Skip shell extension 'powershell' for command environment: Not usable outside of PowerShell
[0.190s] DEBUG:colcon.colcon_core.shell:Skip shell extension 'dsv' for command environment
[0.370s] INFO:colcon.colcon_core.task.python.build:Building Python package in '/home/ctk/kaibot_ws/src/drug_delivery_mechanism'
[0.371s] INFO:colcon.colcon_core.shell:Skip shell extension 'powershell' for command environment: Not usable outside of PowerShell
[0.371s] DEBUG:colcon.colcon_core.shell:Skip shell extension 'dsv' for command environment
[0.544s] INFO:colcon.colcon_core.task.python.build:Building Python package in '/home/ctk/kaibot_ws/src/kaibot_description'
[0.545s] INFO:colcon.colcon_core.shell:Skip shell extension 'powershell' for command environment: Not usable outside of PowerShell
[0.545s] DEBUG:colcon.colcon_core.shell:Skip shell extension 'dsv' for command environment
[0.720s] INFO:colcon.colcon_core.task.python.build:Building Python package in '/home/ctk/kaibot_ws/src/xiaokaibot_nav2'
[0.721s] INFO:colcon.colcon_core.shell:Skip shell extension 'powershell' for command environment: Not usable outside of PowerShell
[0.721s] DEBUG:colcon.colcon_core.shell:Skip shell extension 'dsv' for command environment
[1.264s] DEBUG:colcon.colcon_core.event_handler.log_command:Invoking command in '/home/ctk/kaibot_ws/src/kaibot_description': PYTHONPATH=/home/ctk/kaibot_ws/build/kaibot_description/prefix_override:/usr/lib/python3/dist-packages/colcon_core/task/python/colcon_distutils_commands:/home/ctk/kaibot_ws/install/kaibot_description/lib/python3.10/site-packages:${PYTHONPATH} /usr/bin/python3 -W ignore:setup.py install is deprecated setup.py egg_info --egg-base ../../build/kaibot_description build --build-base /home/ctk/kaibot_ws/build/kaibot_description/build install --record /home/ctk/kaibot_ws/build/kaibot_description/install.log --single-version-externally-managed install_data
[1.266s] DEBUG:colcon.colcon_core.event_handler.log_command:Invoking command in '/home/ctk/kaibot_ws/src/drug_delivery_mechanism': PYTHONPATH=/home/ctk/kaibot_ws/build/drug_delivery_mechanism/prefix_override:/usr/lib/python3/dist-packages/colcon_core/task/python/colcon_distutils_commands:/home/ctk/kaibot_ws/install/drug_delivery_mechanism/lib/python3.10/site-packages:${PYTHONPATH} /usr/bin/python3 -W ignore:setup.py install is deprecated setup.py egg_info --egg-base ../../build/drug_delivery_mechanism build --build-base /home/ctk/kaibot_ws/build/drug_delivery_mechanism/build install --record /home/ctk/kaibot_ws/build/drug_delivery_mechanism/install.log --single-version-externally-managed install_data
[1.268s] DEBUG:colcon.colcon_core.event_handler.log_command:Invoking command in '/home/ctk/kaibot_ws/src/xiaokaibot_nav2': PYTHONPATH=/home/ctk/kaibot_ws/build/xiaokaibot_nav2/prefix_override:/usr/lib/python3/dist-packages/colcon_core/task/python/colcon_distutils_commands:/home/ctk/kaibot_ws/install/xiaokaibot_nav2/lib/python3.10/site-packages:${PYTHONPATH} /usr/bin/python3 -W ignore:setup.py install is deprecated setup.py egg_info --egg-base ../../build/xiaokaibot_nav2 build --build-base /home/ctk/kaibot_ws/build/xiaokaibot_nav2/build install --record /home/ctk/kaibot_ws/build/xiaokaibot_nav2/install.log --single-version-externally-managed install_data
[1.745s] DEBUG:colcon.colcon_core.event_handler.log_command:Invoked command in '/home/ctk/kaibot_ws/src/drug_delivery_mechanism' returned '0': PYTHONPATH=/home/ctk/kaibot_ws/build/drug_delivery_mechanism/prefix_override:/usr/lib/python3/dist-packages/colcon_core/task/python/colcon_distutils_commands:/home/ctk/kaibot_ws/install/drug_delivery_mechanism/lib/python3.10/site-packages:${PYTHONPATH} /usr/bin/python3 -W ignore:setup.py install is deprecated setup.py egg_info --egg-base ../../build/drug_delivery_mechanism build --build-base /home/ctk/kaibot_ws/build/drug_delivery_mechanism/build install --record /home/ctk/kaibot_ws/build/drug_delivery_mechanism/install.log --single-version-externally-managed install_data
[1.746s] Level 1:colcon.colcon_core.environment:checking '/home/ctk/kaibot_ws/install/drug_delivery_mechanism' for CMake module files
[1.746s] Level 1:colcon.colcon_core.environment:checking '/home/ctk/kaibot_ws/install/drug_delivery_mechanism' for CMake config files
[1.747s] Level 1:colcon.colcon_core.environment:checking '/home/ctk/kaibot_ws/install/drug_delivery_mechanism/lib'
[1.747s] Level 1:colcon.colcon_core.environment:checking '/home/ctk/kaibot_ws/install/drug_delivery_mechanism/bin'
[1.747s] Level 1:colcon.colcon_core.environment:checking '/home/ctk/kaibot_ws/install/drug_delivery_mechanism/lib/pkgconfig/drug_delivery_mechanism.pc'
[1.747s] Level 1:colcon.colcon_core.environment:checking '/home/ctk/kaibot_ws/install/drug_delivery_mechanism/lib/python3.10/site-packages'
[1.747s] Level 1:colcon.colcon_core.shell:create_environment_hook('drug_delivery_mechanism', 'pythonpath')
[1.747s] INFO:colcon.colcon_core.shell:Creating environment hook '/home/ctk/kaibot_ws/install/drug_delivery_mechanism/share/drug_delivery_mechanism/hook/pythonpath.ps1'
[1.748s] INFO:colcon.colcon_core.shell:Creating environment descriptor '/home/ctk/kaibot_ws/install/drug_delivery_mechanism/share/drug_delivery_mechanism/hook/pythonpath.dsv'
[1.748s] INFO:colcon.colcon_core.shell:Creating environment hook '/home/ctk/kaibot_ws/install/drug_delivery_mechanism/share/drug_delivery_mechanism/hook/pythonpath.sh'
[1.749s] Level 1:colcon.colcon_core.environment:checking '/home/ctk/kaibot_ws/install/drug_delivery_mechanism/bin'
[1.749s] Level 1:colcon.colcon_core.environment:create_environment_scripts_only(drug_delivery_mechanism)
[1.749s] INFO:colcon.colcon_core.shell:Creating package script '/home/ctk/kaibot_ws/install/drug_delivery_mechanism/share/drug_delivery_mechanism/package.ps1'
[1.750s] INFO:colcon.colcon_core.shell:Creating package descriptor '/home/ctk/kaibot_ws/install/drug_delivery_mechanism/share/drug_delivery_mechanism/package.dsv'
[1.750s] INFO:colcon.colcon_core.shell:Creating package script '/home/ctk/kaibot_ws/install/drug_delivery_mechanism/share/drug_delivery_mechanism/package.sh'
[1.751s] INFO:colcon.colcon_core.shell:Creating package script '/home/ctk/kaibot_ws/install/drug_delivery_mechanism/share/drug_delivery_mechanism/package.bash'
[1.752s] INFO:colcon.colcon_core.shell:Creating package script '/home/ctk/kaibot_ws/install/drug_delivery_mechanism/share/drug_delivery_mechanism/package.zsh'
[1.753s] Level 1:colcon.colcon_core.environment:create_file_with_runtime_dependencies(/home/ctk/kaibot_ws/install/drug_delivery_mechanism/share/colcon-core/packages/drug_delivery_mechanism)
[1.753s] Level 1:colcon.colcon_core.environment:checking '/home/ctk/kaibot_ws/install/kaibot_description' for CMake module files
[1.754s] DEBUG:colcon.colcon_core.event_handler.log_command:Invoked command in '/home/ctk/kaibot_ws/src/kaibot_description' returned '0': PYTHONPATH=/home/ctk/kaibot_ws/build/kaibot_description/prefix_override:/usr/lib/python3/dist-packages/colcon_core/task/python/colcon_distutils_commands:/home/ctk/kaibot_ws/install/kaibot_description/lib/python3.10/site-packages:${PYTHONPATH} /usr/bin/python3 -W ignore:setup.py install is deprecated setup.py egg_info --egg-base ../../build/kaibot_description build --build-base /home/ctk/kaibot_ws/build/kaibot_description/build install --record /home/ctk/kaibot_ws/build/kaibot_description/install.log --single-version-externally-managed install_data
[1.755s] Level 1:colcon.colcon_core.environment:checking '/home/ctk/kaibot_ws/install/kaibot_description' for CMake config files
[1.755s] Level 1:colcon.colcon_core.environment:checking '/home/ctk/kaibot_ws/install/kaibot_description/lib'
[1.755s] Level 1:colcon.colcon_core.environment:checking '/home/ctk/kaibot_ws/install/kaibot_description/bin'
[1.755s] Level 1:colcon.colcon_core.environment:checking '/home/ctk/kaibot_ws/install/kaibot_description/lib/pkgconfig/kaibot_description.pc'
[1.756s] Level 1:colcon.colcon_core.environment:checking '/home/ctk/kaibot_ws/install/kaibot_description/lib/python3.10/site-packages'
[1.756s] Level 1:colcon.colcon_core.shell:create_environment_hook('kaibot_description', 'pythonpath')
[1.756s] INFO:colcon.colcon_core.shell:Creating environment hook '/home/ctk/kaibot_ws/install/kaibot_description/share/kaibot_description/hook/pythonpath.ps1'
[1.756s] INFO:colcon.colcon_core.shell:Creating environment descriptor '/home/ctk/kaibot_ws/install/kaibot_description/share/kaibot_description/hook/pythonpath.dsv'
[1.756s] INFO:colcon.colcon_core.shell:Creating environment hook '/home/ctk/kaibot_ws/install/kaibot_description/share/kaibot_description/hook/pythonpath.sh'
[1.757s] Level 1:colcon.colcon_core.environment:checking '/home/ctk/kaibot_ws/install/kaibot_description/bin'
[1.757s] Level 1:colcon.colcon_core.environment:create_environment_scripts_only(kaibot_description)
[1.757s] INFO:colcon.colcon_core.shell:Creating package script '/home/ctk/kaibot_ws/install/kaibot_description/share/kaibot_description/package.ps1'
[1.758s] INFO:colcon.colcon_core.shell:Creating package descriptor '/home/ctk/kaibot_ws/install/kaibot_description/share/kaibot_description/package.dsv'
[1.758s] INFO:colcon.colcon_core.shell:Creating package script '/home/ctk/kaibot_ws/install/kaibot_description/share/kaibot_description/package.sh'
[1.758s] INFO:colcon.colcon_core.shell:Creating package script '/home/ctk/kaibot_ws/install/kaibot_description/share/kaibot_description/package.bash'
[1.759s] INFO:colcon.colcon_core.shell:Creating package script '/home/ctk/kaibot_ws/install/kaibot_description/share/kaibot_description/package.zsh'
[1.759s] Level 1:colcon.colcon_core.environment:create_file_with_runtime_dependencies(/home/ctk/kaibot_ws/install/kaibot_description/share/colcon-core/packages/kaibot_description)
[1.759s] Level 1:colcon.colcon_core.environment:checking '/home/ctk/kaibot_ws/install/xiaokaibot_nav2' for CMake module files
[1.760s] Level 1:colcon.colcon_core.environment:checking '/home/ctk/kaibot_ws/install/xiaokaibot_nav2' for CMake config files
[1.760s] DEBUG:colcon.colcon_core.event_handler.log_command:Invoked command in '/home/ctk/kaibot_ws/src/xiaokaibot_nav2' returned '0': PYTHONPATH=/home/ctk/kaibot_ws/build/xiaokaibot_nav2/prefix_override:/usr/lib/python3/dist-packages/colcon_core/task/python/colcon_distutils_commands:/home/ctk/kaibot_ws/install/xiaokaibot_nav2/lib/python3.10/site-packages:${PYTHONPATH} /usr/bin/python3 -W ignore:setup.py install is deprecated setup.py egg_info --egg-base ../../build/xiaokaibot_nav2 build --build-base /home/ctk/kaibot_ws/build/xiaokaibot_nav2/build install --record /home/ctk/kaibot_ws/build/xiaokaibot_nav2/install.log --single-version-externally-managed install_data
[1.761s] Level 1:colcon.colcon_core.environment:checking '/home/ctk/kaibot_ws/install/xiaokaibot_nav2/lib'
[1.761s] Level 1:colcon.colcon_core.environment:checking '/home/ctk/kaibot_ws/install/xiaokaibot_nav2/bin'
[1.761s] Level 1:colcon.colcon_core.environment:checking '/home/ctk/kaibot_ws/install/xiaokaibot_nav2/lib/pkgconfig/xiaokaibot_nav2.pc'
[1.761s] Level 1:colcon.colcon_core.environment:checking '/home/ctk/kaibot_ws/install/xiaokaibot_nav2/lib/python3.10/site-packages'
[1.761s] Level 1:colcon.colcon_core.shell:create_environment_hook('xiaokaibot_nav2', 'pythonpath')
[1.762s] INFO:colcon.colcon_core.shell:Creating environment hook '/home/ctk/kaibot_ws/install/xiaokaibot_nav2/share/xiaokaibot_nav2/hook/pythonpath.ps1'
[1.762s] INFO:colcon.colcon_core.shell:Creating environment descriptor '/home/ctk/kaibot_ws/install/xiaokaibot_nav2/share/xiaokaibot_nav2/hook/pythonpath.dsv'
[1.762s] INFO:colcon.colcon_core.shell:Creating environment hook '/home/ctk/kaibot_ws/install/xiaokaibot_nav2/share/xiaokaibot_nav2/hook/pythonpath.sh'
[1.763s] Level 1:colcon.colcon_core.environment:checking '/home/ctk/kaibot_ws/install/xiaokaibot_nav2/bin'
[1.763s] Level 1:colcon.colcon_core.environment:create_environment_scripts_only(xiaokaibot_nav2)
[1.763s] INFO:colcon.colcon_core.shell:Creating package script '/home/ctk/kaibot_ws/install/xiaokaibot_nav2/share/xiaokaibot_nav2/package.ps1'
[1.764s] INFO:colcon.colcon_core.shell:Creating package descriptor '/home/ctk/kaibot_ws/install/xiaokaibot_nav2/share/xiaokaibot_nav2/package.dsv'
[1.765s] INFO:colcon.colcon_core.shell:Creating package script '/home/ctk/kaibot_ws/install/xiaokaibot_nav2/share/xiaokaibot_nav2/package.sh'
[1.765s] INFO:colcon.colcon_core.shell:Creating package script '/home/ctk/kaibot_ws/install/xiaokaibot_nav2/share/xiaokaibot_nav2/package.bash'
[1.766s] INFO:colcon.colcon_core.shell:Creating package script '/home/ctk/kaibot_ws/install/xiaokaibot_nav2/share/xiaokaibot_nav2/package.zsh'
[1.767s] Level 1:colcon.colcon_core.environment:create_file_with_runtime_dependencies(/home/ctk/kaibot_ws/install/xiaokaibot_nav2/share/colcon-core/packages/xiaokaibot_nav2)
[1.767s] DEBUG:colcon.colcon_parallel_executor.executor.parallel:closing loop
[1.767s] DEBUG:colcon.colcon_parallel_executor.executor.parallel:loop closed
[1.768s] DEBUG:colcon.colcon_parallel_executor.executor.parallel:run_until_complete finished with '0'
[1.768s] DEBUG:colcon.colcon_core.event_reactor:joining thread
[1.794s] INFO:colcon.colcon_core.plugin_system:Skipping extension 'colcon_notification.desktop_notification.terminal_notifier': Not used on non-Darwin systems
[1.795s] INFO:colcon.colcon_core.plugin_system:Skipping extension 'colcon_notification.desktop_notification.win32': Not used on non-Windows systems
[1.795s] INFO:colcon.colcon_notification.desktop_notification:Sending desktop notification using 'notify2'
[1.804s] DEBUG:colcon.colcon_core.event_reactor:joined thread
[1.805s] INFO:colcon.colcon_core.shell:Creating prefix script '/home/ctk/kaibot_ws/install/local_setup.ps1'
[1.806s] INFO:colcon.colcon_core.shell:Creating prefix util module '/home/ctk/kaibot_ws/install/_local_setup_util_ps1.py'
[1.807s] INFO:colcon.colcon_core.shell:Creating prefix chain script '/home/ctk/kaibot_ws/install/setup.ps1'
[1.809s] INFO:colcon.colcon_core.shell:Creating prefix script '/home/ctk/kaibot_ws/install/local_setup.sh'
[1.810s] INFO:colcon.colcon_core.shell:Creating prefix util module '/home/ctk/kaibot_ws/install/_local_setup_util_sh.py'
[1.811s] INFO:colcon.colcon_core.shell:Creating prefix chain script '/home/ctk/kaibot_ws/install/setup.sh'
[1.813s] INFO:colcon.colcon_core.shell:Creating prefix script '/home/ctk/kaibot_ws/install/local_setup.bash'
[1.813s] INFO:colcon.colcon_core.shell:Creating prefix chain script '/home/ctk/kaibot_ws/install/setup.bash'
[1.814s] INFO:colcon.colcon_core.shell:Creating prefix script '/home/ctk/kaibot_ws/install/local_setup.zsh'
[1.814s] INFO:colcon.colcon_core.shell:Creating prefix chain script '/home/ctk/kaibot_ws/install/setup.zsh'
