[1.444s] Invoking command in '/home/ctk/kaibot_ws/src/drug_delivery_mechanism': PYTHONPATH=/home/ctk/kaibot_ws/build/drug_delivery_mechanism/prefix_override:/usr/lib/python3/dist-packages/colcon_core/task/python/colcon_distutils_commands:/home/ctk/kaibot_ws/install/drug_delivery_mechanism/lib/python3.10/site-packages:${PYTHONPATH} /usr/bin/python3 -W ignore:setup.py install is deprecated setup.py egg_info --egg-base ../../build/drug_delivery_mechanism build --build-base /home/ctk/kaibot_ws/build/drug_delivery_mechanism/build install --record /home/ctk/kaibot_ws/build/drug_delivery_mechanism/install.log --single-version-externally-managed install_data
[1.756s] running egg_info
[1.771s] writing ../../build/drug_delivery_mechanism/drug_delivery_mechanism.egg-info/PKG-INFO
[1.771s] writing dependency_links to ../../build/drug_delivery_mechanism/drug_delivery_mechanism.egg-info/dependency_links.txt
[1.771s] writing entry points to ../../build/drug_delivery_mechanism/drug_delivery_mechanism.egg-info/entry_points.txt
[1.771s] writing requirements to ../../build/drug_delivery_mechanism/drug_delivery_mechanism.egg-info/requires.txt
[1.772s] writing top-level names to ../../build/drug_delivery_mechanism/drug_delivery_mechanism.egg-info/top_level.txt
[1.805s] reading manifest file '../../build/drug_delivery_mechanism/drug_delivery_mechanism.egg-info/SOURCES.txt'
[1.806s] writing manifest file '../../build/drug_delivery_mechanism/drug_delivery_mechanism.egg-info/SOURCES.txt'
[1.806s] running build
[1.806s] running build_py
[1.806s] copying drug_delivery_mechanism/drug_delivery_node.py -> /home/ctk/kaibot_ws/build/drug_delivery_mechanism/build/lib/drug_delivery_mechanism
[1.806s] copying drug_delivery_mechanism/__init__.py -> /home/ctk/kaibot_ws/build/drug_delivery_mechanism/build/lib/drug_delivery_mechanism
[1.807s] running install
[1.813s] running install_lib
[1.836s] copying /home/ctk/kaibot_ws/build/drug_delivery_mechanism/build/lib/drug_delivery_mechanism/drug_delivery_node.py -> /home/ctk/kaibot_ws/install/drug_delivery_mechanism/lib/python3.10/site-packages/drug_delivery_mechanism
[1.837s] byte-compiling /home/ctk/kaibot_ws/install/drug_delivery_mechanism/lib/python3.10/site-packages/drug_delivery_mechanism/drug_delivery_node.py to drug_delivery_node.cpython-310.pyc
[1.840s] running install_data
[1.840s] copying resource/drug_delivery_mechanism -> /home/ctk/kaibot_ws/install/drug_delivery_mechanism/share/ament_index/resource_index/packages
[1.840s] copying package.xml -> /home/ctk/kaibot_ws/install/drug_delivery_mechanism/share/drug_delivery_mechanism
[1.840s] running install_egg_info
[1.859s] removing '/home/ctk/kaibot_ws/install/drug_delivery_mechanism/lib/python3.10/site-packages/drug_delivery_mechanism-0.0.0-py3.10.egg-info' (and everything under it)
[1.859s] Copying ../../build/drug_delivery_mechanism/drug_delivery_mechanism.egg-info to /home/ctk/kaibot_ws/install/drug_delivery_mechanism/lib/python3.10/site-packages/drug_delivery_mechanism-0.0.0-py3.10.egg-info
[1.860s] running install_scripts
[2.007s] Installing drug_delivery_node script to /home/ctk/kaibot_ws/install/drug_delivery_mechanism/lib/drug_delivery_mechanism
[2.008s] writing list of installed files to '/home/ctk/kaibot_ws/build/drug_delivery_mechanism/install.log'
[2.168s] Invoked command in '/home/ctk/kaibot_ws/src/drug_delivery_mechanism' returned '0': PYTHONPATH=/home/ctk/kaibot_ws/build/drug_delivery_mechanism/prefix_override:/usr/lib/python3/dist-packages/colcon_core/task/python/colcon_distutils_commands:/home/ctk/kaibot_ws/install/drug_delivery_mechanism/lib/python3.10/site-packages:${PYTHONPATH} /usr/bin/python3 -W ignore:setup.py install is deprecated setup.py egg_info --egg-base ../../build/drug_delivery_mechanism build --build-base /home/ctk/kaibot_ws/build/drug_delivery_mechanism/build install --record /home/ctk/kaibot_ws/build/drug_delivery_mechanism/install.log --single-version-externally-managed install_data
