[1.843s] Invoking command in '/home/ctk/kaibot_ws/src/kaibot_description': PYTHONPATH=/home/ctk/kaibot_ws/build/kaibot_description/prefix_override:/usr/lib/python3/dist-packages/colcon_core/task/python/colcon_distutils_commands:/home/ctk/kaibot_ws/install/kaibot_description/lib/python3.10/site-packages:${PYTHONPATH} /usr/bin/python3 -W ignore:setup.py install is deprecated setup.py egg_info --egg-base ../../build/kaibot_description build --build-base /home/ctk/kaibot_ws/build/kaibot_description/build install --record /home/ctk/kaibot_ws/build/kaibot_description/install.log --single-version-externally-managed install_data
[2.133s] running egg_info
[2.152s] writing ../../build/kaibot_description/kaibot_description.egg-info/PKG-INFO
[2.153s] writing dependency_links to ../../build/kaibot_description/kaibot_description.egg-info/dependency_links.txt
[2.153s] writing entry points to ../../build/kaibot_description/kaibot_description.egg-info/entry_points.txt
[2.153s] writing requirements to ../../build/kaibot_description/kaibot_description.egg-info/requires.txt
[2.153s] writing top-level names to ../../build/kaibot_description/kaibot_description.egg-info/top_level.txt
[2.185s] reading manifest file '../../build/kaibot_description/kaibot_description.egg-info/SOURCES.txt'
[2.186s] writing manifest file '../../build/kaibot_description/kaibot_description.egg-info/SOURCES.txt'
[2.186s] running build
[2.187s] running build_py
[2.187s] copying kaibot_description/move_control.py -> /home/ctk/kaibot_ws/build/kaibot_description/build/lib/kaibot_description
[2.188s] copying kaibot_description/__init__.py -> /home/ctk/kaibot_ws/build/kaibot_description/build/lib/kaibot_description
[2.188s] running install
[2.194s] running install_lib
[2.222s] running install_data
[2.222s] copying resource/kaibot_description -> /home/ctk/kaibot_ws/install/kaibot_description/share/ament_index/resource_index/packages
[2.222s] copying package.xml -> /home/ctk/kaibot_ws/install/kaibot_description/share/kaibot_description
[2.223s] copying launch/bringup_gz_nav2.launch.py -> /home/ctk/kaibot_ws/install/kaibot_description/share/kaibot_description/launch
[2.223s] copying launch/bringup_description.launch.py -> /home/ctk/kaibot_ws/install/kaibot_description/share/kaibot_description/launch
[2.223s] copying launch/bringup_gazebo.launch.py -> /home/ctk/kaibot_ws/install/kaibot_description/share/kaibot_description/launch
[2.224s] copying urdf/xiao_kai_robot.urdf -> /home/ctk/kaibot_ws/install/kaibot_description/share/kaibot_description/urdf
[2.224s] copying rviz/xiao_kai_robot_base_conf.rviz -> /home/ctk/kaibot_ws/install/kaibot_description/share/kaibot_description/rviz
[2.225s] copying world/chinic_multi.world -> /home/ctk/kaibot_ws/install/kaibot_description/share/kaibot_description/world
[2.231s] copying world/chinic.world -> /home/ctk/kaibot_ws/install/kaibot_description/share/kaibot_description/world
[2.233s] copying world/norsing_home.world -> /home/ctk/kaibot_ws/install/kaibot_description/share/kaibot_description/world
[2.235s] copying world/chinic_multi2.world -> /home/ctk/kaibot_ws/install/kaibot_description/share/kaibot_description/world
[2.236s] running install_egg_info
[2.254s] removing '/home/ctk/kaibot_ws/install/kaibot_description/lib/python3.10/site-packages/kaibot_description-0.0.0-py3.10.egg-info' (and everything under it)
[2.254s] Copying ../../build/kaibot_description/kaibot_description.egg-info to /home/ctk/kaibot_ws/install/kaibot_description/lib/python3.10/site-packages/kaibot_description-0.0.0-py3.10.egg-info
[2.255s] running install_scripts
[2.399s] Installing move_control script to /home/ctk/kaibot_ws/install/kaibot_description/lib/kaibot_description
[2.399s] writing list of installed files to '/home/ctk/kaibot_ws/build/kaibot_description/install.log'
[2.496s] Invoked command in '/home/ctk/kaibot_ws/src/kaibot_description' returned '0': PYTHONPATH=/home/ctk/kaibot_ws/build/kaibot_description/prefix_override:/usr/lib/python3/dist-packages/colcon_core/task/python/colcon_distutils_commands:/home/ctk/kaibot_ws/install/kaibot_description/lib/python3.10/site-packages:${PYTHONPATH} /usr/bin/python3 -W ignore:setup.py install is deprecated setup.py egg_info --egg-base ../../build/kaibot_description build --build-base /home/ctk/kaibot_ws/build/kaibot_description/build install --record /home/ctk/kaibot_ws/build/kaibot_description/install.log --single-version-externally-managed install_data
